{"C:\\Users\\akshi\\OneDrive\\Desktop\\Gunn\\Medisync\\models\\appointmentModel.js": {"path":"C:\\Users\\akshi\\OneDrive\\Desktop\\Gunn\\Medisync\\models\\appointmentModel.js","statementMap":{"0":{"start":{"line":1,"column":13},"end":{"line":1,"column":36}},"1":{"start":{"line":5,"column":19},"end":{"line":11,"column":3}},"2":{"start":{"line":12,"column":2},"end":{"line":12,"column":27}},"3":{"start":{"line":16,"column":19},"end":{"line":20,"column":3}},"4":{"start":{"line":21,"column":2},"end":{"line":21,"column":17}},"5":{"start":{"line":25,"column":19},"end":{"line":30,"column":3}},"6":{"start":{"line":31,"column":2},"end":{"line":31,"column":14}},"7":{"start":{"line":35,"column":19},"end":{"line":40,"column":3}},"8":{"start":{"line":41,"column":2},"end":{"line":41,"column":14}},"9":{"start":{"line":45,"column":19},"end":{"line":48,"column":3}},"10":{"start":{"line":49,"column":2},"end":{"line":49,"column":17}},"11":{"start":{"line":53,"column":19},"end":{"line":60,"column":3}},"12":{"start":{"line":61,"column":2},"end":{"line":61,"column":25}},"13":{"start":{"line":64,"column":0},"end":{"line":64,"column":145}}},"fnMap":{"0":{"name":"hasOverlap","decl":{"start":{"line":4,"column":15},"end":{"line":4,"column":25}},"loc":{"start":{"line":4,"column":75},"end":{"line":13,"column":1}},"line":4},"1":{"name":"createAppointment","decl":{"start":{"line":15,"column":15},"end":{"line":15,"column":32}},"loc":{"start":{"line":15,"column":90},"end":{"line":22,"column":1}},"line":15},"2":{"name":"listPatientAppointments","decl":{"start":{"line":24,"column":15},"end":{"line":24,"column":38}},"loc":{"start":{"line":24,"column":51},"end":{"line":32,"column":1}},"line":24},"3":{"name":"listDoctorAppointments","decl":{"start":{"line":34,"column":15},"end":{"line":34,"column":37}},"loc":{"start":{"line":34,"column":49},"end":{"line":42,"column":1}},"line":34},"4":{"name":"updateAppointmentStatus","decl":{"start":{"line":44,"column":15},"end":{"line":44,"column":38}},"loc":{"start":{"line":44,"column":63},"end":{"line":50,"column":1}},"line":44},"5":{"name":"getAppointmentById","decl":{"start":{"line":52,"column":15},"end":{"line":52,"column":33}},"loc":{"start":{"line":52,"column":50},"end":{"line":62,"column":1}},"line":52}},"branchMap":{"0":{"loc":{"start":{"line":61,"column":9},"end":{"line":61,"column":24}},"type":"binary-expr","locations":[{"start":{"line":61,"column":9},"end":{"line":61,"column":16}},{"start":{"line":61,"column":20},"end":{"line":61,"column":24}}],"line":61}},"s":{"0":0,"1":0,"2":0,"3":0,"4":0,"5":0,"6":0,"7":0,"8":0,"9":0,"10":0,"11":0,"12":0,"13":0},"f":{"0":0,"1":0,"2":0,"3":0,"4":0,"5":0},"b":{"0":[0,0]}}
,"C:\\Users\\akshi\\OneDrive\\Desktop\\Gunn\\Medisync\\models\\diseaseHistoryModel.js": {"path":"C:\\Users\\akshi\\OneDrive\\Desktop\\Gunn\\Medisync\\models\\diseaseHistoryModel.js","statementMap":{"0":{"start":{"line":1,"column":13},"end":{"line":1,"column":36}},"1":{"start":{"line":4,"column":19},"end":{"line":8,"column":3}},"2":{"start":{"line":9,"column":2},"end":{"line":9,"column":17}},"3":{"start":{"line":13,"column":19},"end":{"line":16,"column":3}},"4":{"start":{"line":17,"column":2},"end":{"line":17,"column":14}},"5":{"start":{"line":20,"column":0},"end":{"line":20,"column":59}}},"fnMap":{"0":{"name":"addDiseaseHistory","decl":{"start":{"line":3,"column":15},"end":{"line":3,"column":32}},"loc":{"start":{"line":3,"column":79},"end":{"line":10,"column":1}},"line":3},"1":{"name":"listDiseaseHistory","decl":{"start":{"line":12,"column":15},"end":{"line":12,"column":33}},"loc":{"start":{"line":12,"column":46},"end":{"line":18,"column":1}},"line":12}},"branchMap":{},"s":{"0":0,"1":0,"2":0,"3":0,"4":0,"5":0},"f":{"0":0,"1":0},"b":{}}
,"C:\\Users\\akshi\\OneDrive\\Desktop\\Gunn\\Medisync\\models\\doctorModel.js": {"path":"C:\\Users\\akshi\\OneDrive\\Desktop\\Gunn\\Medisync\\models\\doctorModel.js","statementMap":{"0":{"start":{"line":1,"column":13},"end":{"line":1,"column":36}},"1":{"start":{"line":4,"column":19},"end":{"line":8,"column":3}},"2":{"start":{"line":9,"column":2},"end":{"line":9,"column":17}},"3":{"start":{"line":13,"column":19},"end":{"line":13,"column":84}},"4":{"start":{"line":14,"column":2},"end":{"line":14,"column":25}},"5":{"start":{"line":18,"column":19},"end":{"line":18,"column":85}},"6":{"start":{"line":19,"column":2},"end":{"line":19,"column":25}},"7":{"start":{"line":23,"column":19},"end":{"line":23,"column":114}},"8":{"start":{"line":24,"column":2},"end":{"line":24,"column":14}},"9":{"start":{"line":28,"column":19},"end":{"line":28,"column":132}},"10":{"start":{"line":29,"column":2},"end":{"line":29,"column":14}},"11":{"start":{"line":33,"column":19},"end":{"line":33,"column":164}},"12":{"start":{"line":34,"column":2},"end":{"line":34,"column":17}},"13":{"start":{"line":37,"column":0},"end":{"line":37,"column":118}}},"fnMap":{"0":{"name":"createDoctor","decl":{"start":{"line":3,"column":15},"end":{"line":3,"column":27}},"loc":{"start":{"line":3,"column":71},"end":{"line":10,"column":1}},"line":3},"1":{"name":"findDoctorByEmail","decl":{"start":{"line":12,"column":15},"end":{"line":12,"column":32}},"loc":{"start":{"line":12,"column":40},"end":{"line":15,"column":1}},"line":12},"2":{"name":"getDoctorById","decl":{"start":{"line":17,"column":15},"end":{"line":17,"column":28}},"loc":{"start":{"line":17,"column":33},"end":{"line":20,"column":1}},"line":17},"3":{"name":"listDoctors","decl":{"start":{"line":22,"column":15},"end":{"line":22,"column":26}},"loc":{"start":{"line":22,"column":29},"end":{"line":25,"column":1}},"line":22},"4":{"name":"listUnverifiedDoctors","decl":{"start":{"line":27,"column":15},"end":{"line":27,"column":36}},"loc":{"start":{"line":27,"column":39},"end":{"line":30,"column":1}},"line":27},"5":{"name":"verifyDoctor","decl":{"start":{"line":32,"column":15},"end":{"line":32,"column":27}},"loc":{"start":{"line":32,"column":39},"end":{"line":35,"column":1}},"line":32}},"branchMap":{"0":{"loc":{"start":{"line":14,"column":9},"end":{"line":14,"column":24}},"type":"binary-expr","locations":[{"start":{"line":14,"column":9},"end":{"line":14,"column":16}},{"start":{"line":14,"column":20},"end":{"line":14,"column":24}}],"line":14},"1":{"loc":{"start":{"line":19,"column":9},"end":{"line":19,"column":24}},"type":"binary-expr","locations":[{"start":{"line":19,"column":9},"end":{"line":19,"column":16}},{"start":{"line":19,"column":20},"end":{"line":19,"column":24}}],"line":19}},"s":{"0":0,"1":0,"2":0,"3":0,"4":0,"5":0,"6":0,"7":0,"8":0,"9":0,"10":0,"11":0,"12":0,"13":0},"f":{"0":0,"1":0,"2":0,"3":0,"4":0,"5":0},"b":{"0":[0,0],"1":[0,0]}}
,"C:\\Users\\akshi\\OneDrive\\Desktop\\Gunn\\Medisync\\models\\healthIntelligenceModel.js": {"path":"C:\\Users\\akshi\\OneDrive\\Desktop\\Gunn\\Medisync\\models\\healthIntelligenceModel.js","statementMap":{"0":{"start":{"line":1,"column":13},"end":{"line":1,"column":36}},"1":{"start":{"line":8,"column":2},"end":{"line":33,"column":3}},"2":{"start":{"line":9,"column":21},"end":{"line":19,"column":5}},"3":{"start":{"line":21,"column":4},"end":{"line":29,"column":8}},"4":{"start":{"line":21,"column":32},"end":{"line":29,"column":5}},"5":{"start":{"line":31,"column":4},"end":{"line":31,"column":59}},"6":{"start":{"line":32,"column":4},"end":{"line":32,"column":14}},"7":{"start":{"line":41,"column":2},"end":{"line":84,"column":3}},"8":{"start":{"line":43,"column":40},"end":{"line":55,"column":5}},"9":{"start":{"line":58,"column":39},"end":{"line":66,"column":5}},"10":{"start":{"line":68,"column":4},"end":{"line":80,"column":6}},"11":{"start":{"line":69,"column":56},"end":{"line":75,"column":7}},"12":{"start":{"line":76,"column":56},"end":{"line":79,"column":7}},"13":{"start":{"line":82,"column":4},"end":{"line":82,"column":51}},"14":{"start":{"line":83,"column":4},"end":{"line":83,"column":59}},"15":{"start":{"line":95,"column":2},"end":{"line":232,"column":3}},"16":{"start":{"line":97,"column":34},"end":{"line":100,"column":5}},"17":{"start":{"line":102,"column":16},"end":{"line":102,"column":41}},"18":{"start":{"line":105,"column":35},"end":{"line":113,"column":5}},"19":{"start":{"line":116,"column":34},"end":{"line":125,"column":5}},"20":{"start":{"line":128,"column":35},"end":{"line":135,"column":5}},"21":{"start":{"line":138,"column":16},"end":{"line":138,"column":17}},"22":{"start":{"line":139,"column":20},"end":{"line":139,"column":22}},"23":{"start":{"line":142,"column":22},"end":{"line":142,"column":63}},"24":{"start":{"line":143,"column":4},"end":{"line":143,"column":23}},"25":{"start":{"line":144,"column":4},"end":{"line":144,"column":96}},"26":{"start":{"line":147,"column":31},"end":{"line":147,"column":72}},"27":{"start":{"line":148,"column":28},"end":{"line":148,"column":66}},"28":{"start":{"line":149,"column":27},"end":{"line":149,"column":83}},"29":{"start":{"line":150,"column":4},"end":{"line":150,"column":28}},"30":{"start":{"line":151,"column":4},"end":{"line":154,"column":6}},"31":{"start":{"line":157,"column":26},"end":{"line":157,"column":61}},"32":{"start":{"line":158,"column":29},"end":{"line":158,"column":68}},"33":{"start":{"line":159,"column":26},"end":{"line":159,"column":76}},"34":{"start":{"line":160,"column":4},"end":{"line":160,"column":27}},"35":{"start":{"line":161,"column":4},"end":{"line":164,"column":5}},"36":{"start":{"line":162,"column":6},"end":{"line":162,"column":18}},"37":{"start":{"line":163,"column":6},"end":{"line":163,"column":94}},"38":{"start":{"line":165,"column":4},"end":{"line":168,"column":6}},"39":{"start":{"line":171,"column":29},"end":{"line":171,"column":68}},"40":{"start":{"line":172,"column":26},"end":{"line":172,"column":60}},"41":{"start":{"line":173,"column":4},"end":{"line":173,"column":27}},"42":{"start":{"line":174,"column":4},"end":{"line":177,"column":6}},"43":{"start":{"line":180,"column":23},"end":{"line":180,"column":43}},"44":{"start":{"line":183,"column":20},"end":{"line":183,"column":25}},"45":{"start":{"line":184,"column":26},"end":{"line":184,"column":62}},"46":{"start":{"line":186,"column":4},"end":{"line":198,"column":5}},"47":{"start":{"line":187,"column":6},"end":{"line":187,"column":29}},"48":{"start":{"line":188,"column":6},"end":{"line":188,"column":79}},"49":{"start":{"line":189,"column":11},"end":{"line":198,"column":5}},"50":{"start":{"line":190,"column":6},"end":{"line":190,"column":25}},"51":{"start":{"line":191,"column":6},"end":{"line":191,"column":73}},"52":{"start":{"line":192,"column":11},"end":{"line":198,"column":5}},"53":{"start":{"line":193,"column":6},"end":{"line":193,"column":29}},"54":{"start":{"line":194,"column":6},"end":{"line":194,"column":71}},"55":{"start":{"line":195,"column":11},"end":{"line":198,"column":5}},"56":{"start":{"line":196,"column":6},"end":{"line":196,"column":24}},"57":{"start":{"line":197,"column":6},"end":{"line":197,"column":66}},"58":{"start":{"line":200,"column":4},"end":{"line":200,"column":38}},"59":{"start":{"line":203,"column":4},"end":{"line":209,"column":6}},"60":{"start":{"line":211,"column":4},"end":{"line":223,"column":6}},"61":{"start":{"line":225,"column":4},"end":{"line":225,"column":63}},"62":{"start":{"line":226,"column":4},"end":{"line":231,"column":6}},"63":{"start":{"line":239,"column":2},"end":{"line":277,"column":3}},"64":{"start":{"line":240,"column":28},"end":{"line":240,"column":67}},"65":{"start":{"line":241,"column":25},"end":{"line":241,"column":61}},"66":{"start":{"line":242,"column":28},"end":{"line":242,"column":70}},"67":{"start":{"line":245,"column":22},"end":{"line":261,"column":5}},"68":{"start":{"line":263,"column":4},"end":{"line":268,"column":6}},"69":{"start":{"line":270,"column":4},"end":{"line":270,"column":60}},"70":{"start":{"line":271,"column":4},"end":{"line":276,"column":6}},"71":{"start":{"line":284,"column":26},"end":{"line":284,"column":28}},"72":{"start":{"line":287,"column":2},"end":{"line":296,"column":5}},"73":{"start":{"line":288,"column":4},"end":{"line":295,"column":5}},"74":{"start":{"line":289,"column":6},"end":{"line":294,"column":9}},"75":{"start":{"line":299,"column":2},"end":{"line":310,"column":3}},"76":{"start":{"line":300,"column":4},"end":{"line":309,"column":7}},"77":{"start":{"line":301,"column":6},"end":{"line":308,"column":7}},"78":{"start":{"line":302,"column":8},"end":{"line":307,"column":11}},"79":{"start":{"line":313,"column":2},"end":{"line":327,"column":3}},"80":{"start":{"line":314,"column":4},"end":{"line":319,"column":7}},"81":{"start":{"line":320,"column":9},"end":{"line":327,"column":3}},"82":{"start":{"line":321,"column":4},"end":{"line":326,"column":7}},"83":{"start":{"line":330,"column":2},"end":{"line":337,"column":3}},"84":{"start":{"line":331,"column":4},"end":{"line":336,"column":7}},"85":{"start":{"line":339,"column":2},"end":{"line":342,"column":5}},"86":{"start":{"line":340,"column":24},"end":{"line":340,"column":67}},"87":{"start":{"line":341,"column":4},"end":{"line":341,"column":61}},"88":{"start":{"line":345,"column":0},"end":{"line":350,"column":2}}},"fnMap":{"0":{"name":"detectDiseasePatterns","decl":{"start":{"line":7,"column":15},"end":{"line":7,"column":36}},"loc":{"start":{"line":7,"column":49},"end":{"line":34,"column":1}},"line":7},"1":{"name":"(anonymous_1)","decl":{"start":{"line":21,"column":20},"end":{"line":21,"column":21}},"loc":{"start":{"line":21,"column":32},"end":{"line":29,"column":5}},"line":21},"2":{"name":"detectAllergyRisks","decl":{"start":{"line":40,"column":15},"end":{"line":40,"column":33}},"loc":{"start":{"line":40,"column":46},"end":{"line":85,"column":1}},"line":40},"3":{"name":"(anonymous_3)","decl":{"start":{"line":69,"column":47},"end":{"line":69,"column":48}},"loc":{"start":{"line":69,"column":56},"end":{"line":75,"column":7}},"line":69},"4":{"name":"(anonymous_4)","decl":{"start":{"line":76,"column":45},"end":{"line":76,"column":46}},"loc":{"start":{"line":76,"column":56},"end":{"line":79,"column":7}},"line":76},"5":{"name":"calculateHealthRiskScore","decl":{"start":{"line":94,"column":15},"end":{"line":94,"column":39}},"loc":{"start":{"line":94,"column":52},"end":{"line":233,"column":1}},"line":94},"6":{"name":"getHealthIntelligenceReport","decl":{"start":{"line":238,"column":15},"end":{"line":238,"column":42}},"loc":{"start":{"line":238,"column":55},"end":{"line":278,"column":1}},"line":238},"7":{"name":"generateRecommendations","decl":{"start":{"line":283,"column":9},"end":{"line":283,"column":32}},"loc":{"start":{"line":283,"column":77},"end":{"line":343,"column":1}},"line":283},"8":{"name":"(anonymous_8)","decl":{"start":{"line":287,"column":26},"end":{"line":287,"column":27}},"loc":{"start":{"line":287,"column":37},"end":{"line":296,"column":3}},"line":287},"9":{"name":"(anonymous_9)","decl":{"start":{"line":300,"column":43},"end":{"line":300,"column":44}},"loc":{"start":{"line":300,"column":51},"end":{"line":309,"column":5}},"line":300},"10":{"name":"(anonymous_10)","decl":{"start":{"line":339,"column":30},"end":{"line":339,"column":31}},"loc":{"start":{"line":339,"column":40},"end":{"line":342,"column":3}},"line":339}},"branchMap":{"0":{"loc":{"start":{"line":24,"column":23},"end":{"line":28,"column":51}},"type":"cond-expr","locations":[{"start":{"line":25,"column":10},"end":{"line":25,"column":74}},{"start":{"line":26,"column":10},"end":{"line":28,"column":51}}],"line":24},"1":{"loc":{"start":{"line":26,"column":10},"end":{"line":28,"column":51}},"type":"cond-expr","locations":[{"start":{"line":27,"column":10},"end":{"line":27,"column":56}},{"start":{"line":28,"column":10},"end":{"line":28,"column":51}}],"line":26},"2":{"loc":{"start":{"line":71,"column":20},"end":{"line":71,"column":84}},"type":"cond-expr","locations":[{"start":{"line":71,"column":47},"end":{"line":71,"column":62}},{"start":{"line":71,"column":65},"end":{"line":71,"column":84}}],"line":71},"3":{"loc":{"start":{"line":72,"column":16},"end":{"line":74,"column":96}},"type":"cond-expr","locations":[{"start":{"line":73,"column":12},"end":{"line":73,"column":98}},{"start":{"line":74,"column":12},"end":{"line":74,"column":96}}],"line":72},"4":{"loc":{"start":{"line":78,"column":21},"end":{"line":78,"column":116}},"type":"cond-expr","locations":[{"start":{"line":78,"column":52},"end":{"line":78,"column":62}},{"start":{"line":78,"column":65},"end":{"line":78,"column":116}}],"line":78},"5":{"loc":{"start":{"line":78,"column":65},"end":{"line":78,"column":116}},"type":"cond-expr","locations":[{"start":{"line":78,"column":98},"end":{"line":78,"column":107}},{"start":{"line":78,"column":110},"end":{"line":78,"column":116}}],"line":78},"6":{"loc":{"start":{"line":102,"column":16},"end":{"line":102,"column":41}},"type":"binary-expr","locations":[{"start":{"line":102,"column":16},"end":{"line":102,"column":35}},{"start":{"line":102,"column":39},"end":{"line":102,"column":41}}],"line":102},"7":{"loc":{"start":{"line":147,"column":31},"end":{"line":147,"column":72}},"type":"binary-expr","locations":[{"start":{"line":147,"column":31},"end":{"line":147,"column":67}},{"start":{"line":147,"column":71},"end":{"line":147,"column":72}}],"line":147},"8":{"loc":{"start":{"line":148,"column":28},"end":{"line":148,"column":66}},"type":"binary-expr","locations":[{"start":{"line":148,"column":28},"end":{"line":148,"column":61}},{"start":{"line":148,"column":65},"end":{"line":148,"column":66}}],"line":148},"9":{"loc":{"start":{"line":157,"column":26},"end":{"line":157,"column":61}},"type":"binary-expr","locations":[{"start":{"line":157,"column":26},"end":{"line":157,"column":56}},{"start":{"line":157,"column":60},"end":{"line":157,"column":61}}],"line":157},"10":{"loc":{"start":{"line":158,"column":29},"end":{"line":158,"column":68}},"type":"binary-expr","locations":[{"start":{"line":158,"column":29},"end":{"line":158,"column":63}},{"start":{"line":158,"column":67},"end":{"line":158,"column":68}}],"line":158},"11":{"loc":{"start":{"line":161,"column":4},"end":{"line":164,"column":5}},"type":"if","locations":[{"start":{"line":161,"column":4},"end":{"line":164,"column":5}},{"start":{},"end":{}}],"line":161},"12":{"loc":{"start":{"line":171,"column":29},"end":{"line":171,"column":68}},"type":"binary-expr","locations":[{"start":{"line":171,"column":29},"end":{"line":171,"column":63}},{"start":{"line":171,"column":67},"end":{"line":171,"column":68}}],"line":171},"13":{"loc":{"start":{"line":186,"column":4},"end":{"line":198,"column":5}},"type":"if","locations":[{"start":{"line":186,"column":4},"end":{"line":198,"column":5}},{"start":{"line":189,"column":11},"end":{"line":198,"column":5}}],"line":186},"14":{"loc":{"start":{"line":189,"column":11},"end":{"line":198,"column":5}},"type":"if","locations":[{"start":{"line":189,"column":11},"end":{"line":198,"column":5}},{"start":{"line":192,"column":11},"end":{"line":198,"column":5}}],"line":189},"15":{"loc":{"start":{"line":192,"column":11},"end":{"line":198,"column":5}},"type":"if","locations":[{"start":{"line":192,"column":11},"end":{"line":198,"column":5}},{"start":{"line":195,"column":11},"end":{"line":198,"column":5}}],"line":192},"16":{"loc":{"start":{"line":195,"column":11},"end":{"line":198,"column":5}},"type":"if","locations":[{"start":{"line":195,"column":11},"end":{"line":198,"column":5}},{"start":{},"end":{}}],"line":195},"17":{"loc":{"start":{"line":221,"column":23},"end":{"line":221,"column":57}},"type":"cond-expr","locations":[{"start":{"line":221,"column":51},"end":{"line":221,"column":53}},{"start":{"line":221,"column":56},"end":{"line":221,"column":57}}],"line":221},"18":{"loc":{"start":{"line":254,"column":28},"end":{"line":255,"column":79}},"type":"cond-expr","locations":[{"start":{"line":255,"column":10},"end":{"line":255,"column":75}},{"start":{"line":255,"column":78},"end":{"line":255,"column":79}}],"line":254},"19":{"loc":{"start":{"line":256,"column":23},"end":{"line":257,"column":77}},"type":"cond-expr","locations":[{"start":{"line":257,"column":10},"end":{"line":257,"column":73}},{"start":{"line":257,"column":76},"end":{"line":257,"column":77}}],"line":256},"20":{"loc":{"start":{"line":258,"column":22},"end":{"line":258,"column":71}},"type":"cond-expr","locations":[{"start":{"line":258,"column":66},"end":{"line":258,"column":67}},{"start":{"line":258,"column":70},"end":{"line":258,"column":71}}],"line":258},"21":{"loc":{"start":{"line":288,"column":4},"end":{"line":295,"column":5}},"type":"if","locations":[{"start":{"line":288,"column":4},"end":{"line":295,"column":5}},{"start":{},"end":{}}],"line":288},"22":{"loc":{"start":{"line":299,"column":2},"end":{"line":310,"column":3}},"type":"if","locations":[{"start":{"line":299,"column":2},"end":{"line":310,"column":3}},{"start":{},"end":{}}],"line":299},"23":{"loc":{"start":{"line":301,"column":6},"end":{"line":308,"column":7}},"type":"if","locations":[{"start":{"line":301,"column":6},"end":{"line":308,"column":7}},{"start":{},"end":{}}],"line":301},"24":{"loc":{"start":{"line":313,"column":2},"end":{"line":327,"column":3}},"type":"if","locations":[{"start":{"line":313,"column":2},"end":{"line":327,"column":3}},{"start":{"line":320,"column":9},"end":{"line":327,"column":3}}],"line":313},"25":{"loc":{"start":{"line":320,"column":9},"end":{"line":327,"column":3}},"type":"if","locations":[{"start":{"line":320,"column":9},"end":{"line":327,"column":3}},{"start":{},"end":{}}],"line":320},"26":{"loc":{"start":{"line":330,"column":2},"end":{"line":337,"column":3}},"type":"if","locations":[{"start":{"line":330,"column":2},"end":{"line":337,"column":3}},{"start":{},"end":{}}],"line":330}},"s":{"0":1,"1":6,"2":6,"3":4,"4":2,"5":2,"6":2,"7":6,"8":6,"9":4,"10":4,"11":1,"12":1,"13":2,"14":2,"15":7,"16":7,"17":5,"18":5,"19":5,"20":5,"21":5,"22":5,"23":5,"24":5,"25":5,"26":5,"27":5,"28":5,"29":5,"30":5,"31":5,"32":5,"33":5,"34":5,"35":5,"36":3,"37":3,"38":5,"39":5,"40":5,"41":5,"42":5,"43":5,"44":5,"45":5,"46":5,"47":2,"48":2,"49":3,"50":0,"51":0,"52":3,"53":1,"54":1,"55":2,"56":1,"57":1,"58":5,"59":5,"60":5,"61":2,"62":2,"63":2,"64":2,"65":2,"66":2,"67":2,"68":1,"69":1,"70":1,"71":1,"72":1,"73":0,"74":0,"75":1,"76":0,"77":0,"78":0,"79":1,"80":0,"81":1,"82":0,"83":1,"84":0,"85":1,"86":0,"87":0,"88":1},"f":{"0":6,"1":2,"2":6,"3":1,"4":1,"5":7,"6":2,"7":1,"8":0,"9":0,"10":0},"b":{"0":[1,1],"1":[1,0],"2":[1,0],"3":[1,0],"4":[0,1],"5":[1,0],"6":[5,0],"7":[5,0],"8":[5,0],"9":[5,0],"10":[5,0],"11":[3,2],"12":[5,3],"13":[2,3],"14":[0,3],"15":[1,2],"16":[1,1],"17":[3,2],"18":[1,0],"19":[1,0],"20":[0,1],"21":[0,0],"22":[0,1],"23":[0,0],"24":[0,1],"25":[0,1],"26":[0,1]},"_coverageSchema":"1a1c01bbd47fc00a2c39e90264f33305004495a9","hash":"59d49f48c0d9b4b215bec9b951825769ca0bbc88"}
,"C:\\Users\\akshi\\OneDrive\\Desktop\\Gunn\\Medisync\\models\\patientModel.js": {"path":"C:\\Users\\akshi\\OneDrive\\Desktop\\Gunn\\Medisync\\models\\patientModel.js","statementMap":{"0":{"start":{"line":1,"column":13},"end":{"line":1,"column":36}},"1":{"start":{"line":4,"column":19},"end":{"line":8,"column":3}},"2":{"start":{"line":9,"column":2},"end":{"line":9,"column":17}},"3":{"start":{"line":13,"column":19},"end":{"line":13,"column":85}},"4":{"start":{"line":14,"column":2},"end":{"line":14,"column":25}},"5":{"start":{"line":18,"column":19},"end":{"line":18,"column":87}},"6":{"start":{"line":19,"column":2},"end":{"line":19,"column":25}},"7":{"start":{"line":22,"column":0},"end":{"line":22,"column":71}}},"fnMap":{"0":{"name":"createPatient","decl":{"start":{"line":3,"column":15},"end":{"line":3,"column":28}},"loc":{"start":{"line":3,"column":82},"end":{"line":10,"column":1}},"line":3},"1":{"name":"findPatientByEmail","decl":{"start":{"line":12,"column":15},"end":{"line":12,"column":33}},"loc":{"start":{"line":12,"column":41},"end":{"line":15,"column":1}},"line":12},"2":{"name":"getPatientById","decl":{"start":{"line":17,"column":15},"end":{"line":17,"column":29}},"loc":{"start":{"line":17,"column":34},"end":{"line":20,"column":1}},"line":17}},"branchMap":{"0":{"loc":{"start":{"line":14,"column":9},"end":{"line":14,"column":24}},"type":"binary-expr","locations":[{"start":{"line":14,"column":9},"end":{"line":14,"column":16}},{"start":{"line":14,"column":20},"end":{"line":14,"column":24}}],"line":14},"1":{"loc":{"start":{"line":19,"column":9},"end":{"line":19,"column":24}},"type":"binary-expr","locations":[{"start":{"line":19,"column":9},"end":{"line":19,"column":16}},{"start":{"line":19,"column":20},"end":{"line":19,"column":24}}],"line":19}},"s":{"0":0,"1":0,"2":0,"3":0,"4":0,"5":0,"6":0,"7":0},"f":{"0":0,"1":0,"2":0},"b":{"0":[0,0],"1":[0,0]}}
,"C:\\Users\\akshi\\OneDrive\\Desktop\\Gunn\\Medisync\\models\\prescriptionModel.js": {"path":"C:\\Users\\akshi\\OneDrive\\Desktop\\Gunn\\Medisync\\models\\prescriptionModel.js","statementMap":{"0":{"start":{"line":1,"column":13},"end":{"line":1,"column":36}},"1":{"start":{"line":4,"column":19},"end":{"line":8,"column":3}},"2":{"start":{"line":9,"column":2},"end":{"line":9,"column":17}},"3":{"start":{"line":13,"column":19},"end":{"line":21,"column":3}},"4":{"start":{"line":22,"column":2},"end":{"line":22,"column":14}},"5":{"start":{"line":26,"column":19},"end":{"line":29,"column":3}},"6":{"start":{"line":30,"column":2},"end":{"line":30,"column":14}},"7":{"start":{"line":33,"column":0},"end":{"line":33,"column":102}}},"fnMap":{"0":{"name":"createPrescription","decl":{"start":{"line":3,"column":15},"end":{"line":3,"column":33}},"loc":{"start":{"line":3,"column":101},"end":{"line":10,"column":1}},"line":3},"1":{"name":"listPrescriptionsForPatient","decl":{"start":{"line":12,"column":15},"end":{"line":12,"column":42}},"loc":{"start":{"line":12,"column":55},"end":{"line":23,"column":1}},"line":12},"2":{"name":"listPrescriptionsForAppointment","decl":{"start":{"line":25,"column":15},"end":{"line":25,"column":46}},"loc":{"start":{"line":25,"column":63},"end":{"line":31,"column":1}},"line":25}},"branchMap":{},"s":{"0":0,"1":0,"2":0,"3":0,"4":0,"5":0,"6":0,"7":0},"f":{"0":0,"1":0,"2":0},"b":{}}
,"C:\\Users\\akshi\\OneDrive\\Desktop\\Gunn\\Medisync\\routes\\adminRoutes.js": {"path":"C:\\Users\\akshi\\OneDrive\\Desktop\\Gunn\\Medisync\\routes\\adminRoutes.js","statementMap":{"0":{"start":{"line":1,"column":16},"end":{"line":1,"column":34}},"1":{"start":{"line":2,"column":48},"end":{"line":2,"column":80}},"2":{"start":{"line":3,"column":13},"end":{"line":3,"column":36}},"3":{"start":{"line":4,"column":22},"end":{"line":4,"column":50}},"4":{"start":{"line":6,"column":15},"end":{"line":6,"column":31}},"5":{"start":{"line":9,"column":2},"end":{"line":9,"column":77}},"6":{"start":{"line":9,"column":36},"end":{"line":9,"column":77}},"7":{"start":{"line":10,"column":2},"end":{"line":10,"column":9}},"8":{"start":{"line":13,"column":0},"end":{"line":15,"column":3}},"9":{"start":{"line":14,"column":2},"end":{"line":14,"column":33}},"10":{"start":{"line":17,"column":0},"end":{"line":26,"column":3}},"11":{"start":{"line":18,"column":33},"end":{"line":18,"column":41}},"12":{"start":{"line":19,"column":2},"end":{"line":24,"column":3}},"13":{"start":{"line":20,"column":4},"end":{"line":20,"column":48}},"14":{"start":{"line":21,"column":4},"end":{"line":21,"column":31}},"15":{"start":{"line":22,"column":4},"end":{"line":22,"column":89}},"16":{"start":{"line":23,"column":4},"end":{"line":23,"column":44}},"17":{"start":{"line":25,"column":2},"end":{"line":25,"column":52}},"18":{"start":{"line":29,"column":0},"end":{"line":51,"column":3}},"19":{"start":{"line":30,"column":2},"end":{"line":50,"column":3}},"20":{"start":{"line":32,"column":28},"end":{"line":39,"column":6}},"21":{"start":{"line":42,"column":29},"end":{"line":44,"column":6}},"22":{"start":{"line":46,"column":4},"end":{"line":46,"column":63}},"23":{"start":{"line":48,"column":4},"end":{"line":48,"column":23}},"24":{"start":{"line":49,"column":4},"end":{"line":49,"column":52}},"25":{"start":{"line":54,"column":0},"end":{"line":77,"column":3}},"26":{"start":{"line":55,"column":2},"end":{"line":76,"column":3}},"27":{"start":{"line":56,"column":30},"end":{"line":60,"column":6}},"28":{"start":{"line":63,"column":29},"end":{"line":70,"column":6}},"29":{"start":{"line":72,"column":4},"end":{"line":72,"column":64}},"30":{"start":{"line":74,"column":4},"end":{"line":74,"column":23}},"31":{"start":{"line":75,"column":4},"end":{"line":75,"column":50}},"32":{"start":{"line":80,"column":0},"end":{"line":91,"column":3}},"33":{"start":{"line":81,"column":2},"end":{"line":90,"column":3}},"34":{"start":{"line":82,"column":15},"end":{"line":82,"column":42}},"35":{"start":{"line":83,"column":21},"end":{"line":83,"column":92}},"36":{"start":{"line":84,"column":4},"end":{"line":84,"column":27}},"37":{"start":{"line":85,"column":4},"end":{"line":85,"column":116}},"38":{"start":{"line":86,"column":4},"end":{"line":86,"column":35}},"39":{"start":{"line":88,"column":4},"end":{"line":88,"column":23}},"40":{"start":{"line":89,"column":4},"end":{"line":89,"column":51}},"41":{"start":{"line":94,"column":0},"end":{"line":105,"column":3}},"42":{"start":{"line":95,"column":2},"end":{"line":104,"column":3}},"43":{"start":{"line":96,"column":15},"end":{"line":96,"column":42}},"44":{"start":{"line":97,"column":21},"end":{"line":97,"column":92}},"45":{"start":{"line":98,"column":4},"end":{"line":98,"column":88}},"46":{"start":{"line":99,"column":4},"end":{"line":99,"column":119}},"47":{"start":{"line":100,"column":4},"end":{"line":100,"column":35}},"48":{"start":{"line":102,"column":4},"end":{"line":102,"column":23}},"49":{"start":{"line":103,"column":4},"end":{"line":103,"column":54}},"50":{"start":{"line":108,"column":0},"end":{"line":119,"column":3}},"51":{"start":{"line":109,"column":2},"end":{"line":118,"column":3}},"52":{"start":{"line":110,"column":15},"end":{"line":110,"column":42}},"53":{"start":{"line":111,"column":21},"end":{"line":111,"column":92}},"54":{"start":{"line":112,"column":4},"end":{"line":112,"column":87}},"55":{"start":{"line":113,"column":4},"end":{"line":113,"column":117}},"56":{"start":{"line":114,"column":4},"end":{"line":114,"column":35}},"57":{"start":{"line":116,"column":4},"end":{"line":116,"column":23}},"58":{"start":{"line":117,"column":4},"end":{"line":117,"column":52}},"59":{"start":{"line":122,"column":0},"end":{"line":143,"column":3}},"60":{"start":{"line":123,"column":2},"end":{"line":142,"column":3}},"61":{"start":{"line":124,"column":31},"end":{"line":128,"column":6}},"62":{"start":{"line":130,"column":29},"end":{"line":136,"column":6}},"63":{"start":{"line":138,"column":4},"end":{"line":138,"column":66}},"64":{"start":{"line":140,"column":4},"end":{"line":140,"column":23}},"65":{"start":{"line":141,"column":4},"end":{"line":141,"column":51}},"66":{"start":{"line":146,"column":0},"end":{"line":157,"column":3}},"67":{"start":{"line":147,"column":2},"end":{"line":156,"column":3}},"68":{"start":{"line":148,"column":15},"end":{"line":148,"column":42}},"69":{"start":{"line":149,"column":21},"end":{"line":149,"column":94}},"70":{"start":{"line":150,"column":4},"end":{"line":150,"column":90}},"71":{"start":{"line":151,"column":4},"end":{"line":151,"column":121}},"72":{"start":{"line":152,"column":4},"end":{"line":152,"column":36}},"73":{"start":{"line":154,"column":4},"end":{"line":154,"column":23}},"74":{"start":{"line":155,"column":4},"end":{"line":155,"column":55}},"75":{"start":{"line":160,"column":0},"end":{"line":171,"column":3}},"76":{"start":{"line":161,"column":2},"end":{"line":170,"column":3}},"77":{"start":{"line":162,"column":15},"end":{"line":162,"column":42}},"78":{"start":{"line":163,"column":21},"end":{"line":163,"column":94}},"79":{"start":{"line":164,"column":4},"end":{"line":164,"column":89}},"80":{"start":{"line":165,"column":4},"end":{"line":165,"column":119}},"81":{"start":{"line":166,"column":4},"end":{"line":166,"column":36}},"82":{"start":{"line":168,"column":4},"end":{"line":168,"column":23}},"83":{"start":{"line":169,"column":4},"end":{"line":169,"column":53}},"84":{"start":{"line":174,"column":0},"end":{"line":198,"column":3}},"85":{"start":{"line":175,"column":2},"end":{"line":197,"column":3}},"86":{"start":{"line":176,"column":23},"end":{"line":176,"column":32}},"87":{"start":{"line":177,"column":16},"end":{"line":183,"column":5}},"88":{"start":{"line":185,"column":4},"end":{"line":187,"column":5}},"89":{"start":{"line":186,"column":6},"end":{"line":186,"column":47}},"90":{"start":{"line":189,"column":4},"end":{"line":189,"column":43}},"91":{"start":{"line":191,"column":35},"end":{"line":191,"column":58}},"92":{"start":{"line":193,"column":4},"end":{"line":193,"column":80}},"93":{"start":{"line":195,"column":4},"end":{"line":195,"column":23}},"94":{"start":{"line":196,"column":4},"end":{"line":196,"column":55}},"95":{"start":{"line":201,"column":0},"end":{"line":249,"column":3}},"96":{"start":{"line":202,"column":2},"end":{"line":248,"column":3}},"97":{"start":{"line":204,"column":35},"end":{"line":210,"column":6}},"98":{"start":{"line":213,"column":34},"end":{"line":219,"column":6}},"99":{"start":{"line":222,"column":36},"end":{"line":228,"column":6}},"100":{"start":{"line":231,"column":40},"end":{"line":237,"column":6}},"101":{"start":{"line":239,"column":4},"end":{"line":244,"column":7}},"102":{"start":{"line":246,"column":4},"end":{"line":246,"column":23}},"103":{"start":{"line":247,"column":4},"end":{"line":247,"column":52}},"104":{"start":{"line":252,"column":0},"end":{"line":278,"column":3}},"105":{"start":{"line":253,"column":2},"end":{"line":277,"column":3}},"106":{"start":{"line":255,"column":34},"end":{"line":271,"column":6}},"107":{"start":{"line":273,"column":4},"end":{"line":273,"column":53}},"108":{"start":{"line":275,"column":4},"end":{"line":275,"column":23}},"109":{"start":{"line":276,"column":4},"end":{"line":276,"column":54}},"110":{"start":{"line":281,"column":0},"end":{"line":294,"column":3}},"111":{"start":{"line":282,"column":2},"end":{"line":293,"column":3}},"112":{"start":{"line":283,"column":27},"end":{"line":287,"column":6}},"113":{"start":{"line":289,"column":4},"end":{"line":289,"column":45}},"114":{"start":{"line":291,"column":4},"end":{"line":291,"column":23}},"115":{"start":{"line":292,"column":4},"end":{"line":292,"column":53}},"116":{"start":{"line":297,"column":0},"end":{"line":305,"column":3}},"117":{"start":{"line":298,"column":2},"end":{"line":304,"column":3}},"118":{"start":{"line":299,"column":21},"end":{"line":299,"column":76}},"119":{"start":{"line":300,"column":4},"end":{"line":300,"column":65}},"120":{"start":{"line":302,"column":4},"end":{"line":302,"column":23}},"121":{"start":{"line":303,"column":4},"end":{"line":303,"column":56}},"122":{"start":{"line":308,"column":0},"end":{"line":321,"column":3}},"123":{"start":{"line":309,"column":2},"end":{"line":320,"column":3}},"124":{"start":{"line":310,"column":48},"end":{"line":310,"column":56}},"125":{"start":{"line":311,"column":4},"end":{"line":314,"column":6}},"126":{"start":{"line":315,"column":4},"end":{"line":315,"column":130}},"127":{"start":{"line":316,"column":4},"end":{"line":316,"column":34}},"128":{"start":{"line":318,"column":4},"end":{"line":318,"column":23}},"129":{"start":{"line":319,"column":4},"end":{"line":319,"column":57}},"130":{"start":{"line":324,"column":0},"end":{"line":333,"column":3}},"131":{"start":{"line":325,"column":2},"end":{"line":332,"column":3}},"132":{"start":{"line":326,"column":4},"end":{"line":326,"column":69}},"133":{"start":{"line":327,"column":4},"end":{"line":327,"column":80}},"134":{"start":{"line":328,"column":4},"end":{"line":328,"column":74}},"135":{"start":{"line":330,"column":4},"end":{"line":330,"column":23}},"136":{"start":{"line":331,"column":4},"end":{"line":331,"column":81}},"137":{"start":{"line":335,"column":0},"end":{"line":338,"column":3}},"138":{"start":{"line":336,"column":2},"end":{"line":336,"column":65}},"139":{"start":{"line":337,"column":2},"end":{"line":337,"column":47}},"140":{"start":{"line":337,"column":28},"end":{"line":337,"column":45}},"141":{"start":{"line":340,"column":0},"end":{"line":340,"column":24}}},"fnMap":{"0":{"name":"ensureAdmin","decl":{"start":{"line":8,"column":9},"end":{"line":8,"column":20}},"loc":{"start":{"line":8,"column":37},"end":{"line":11,"column":1}},"line":8},"1":{"name":"(anonymous_1)","decl":{"start":{"line":13,"column":21},"end":{"line":13,"column":22}},"loc":{"start":{"line":13,"column":35},"end":{"line":15,"column":1}},"line":13},"2":{"name":"(anonymous_2)","decl":{"start":{"line":17,"column":22},"end":{"line":17,"column":23}},"loc":{"start":{"line":17,"column":42},"end":{"line":26,"column":1}},"line":17},"3":{"name":"(anonymous_3)","decl":{"start":{"line":29,"column":38},"end":{"line":29,"column":39}},"loc":{"start":{"line":29,"column":58},"end":{"line":51,"column":1}},"line":29},"4":{"name":"(anonymous_4)","decl":{"start":{"line":54,"column":36},"end":{"line":54,"column":37}},"loc":{"start":{"line":54,"column":56},"end":{"line":77,"column":1}},"line":54},"5":{"name":"(anonymous_5)","decl":{"start":{"line":80,"column":40},"end":{"line":80,"column":41}},"loc":{"start":{"line":80,"column":60},"end":{"line":91,"column":1}},"line":80},"6":{"name":"(anonymous_6)","decl":{"start":{"line":94,"column":52},"end":{"line":94,"column":53}},"loc":{"start":{"line":94,"column":72},"end":{"line":105,"column":1}},"line":94},"7":{"name":"(anonymous_7)","decl":{"start":{"line":108,"column":50},"end":{"line":108,"column":51}},"loc":{"start":{"line":108,"column":70},"end":{"line":119,"column":1}},"line":108},"8":{"name":"(anonymous_8)","decl":{"start":{"line":122,"column":37},"end":{"line":122,"column":38}},"loc":{"start":{"line":122,"column":57},"end":{"line":143,"column":1}},"line":122},"9":{"name":"(anonymous_9)","decl":{"start":{"line":146,"column":53},"end":{"line":146,"column":54}},"loc":{"start":{"line":146,"column":73},"end":{"line":157,"column":1}},"line":146},"10":{"name":"(anonymous_10)","decl":{"start":{"line":160,"column":51},"end":{"line":160,"column":52}},"loc":{"start":{"line":160,"column":71},"end":{"line":171,"column":1}},"line":160},"11":{"name":"(anonymous_11)","decl":{"start":{"line":174,"column":41},"end":{"line":174,"column":42}},"loc":{"start":{"line":174,"column":61},"end":{"line":198,"column":1}},"line":174},"12":{"name":"(anonymous_12)","decl":{"start":{"line":201,"column":38},"end":{"line":201,"column":39}},"loc":{"start":{"line":201,"column":58},"end":{"line":249,"column":1}},"line":201},"13":{"name":"(anonymous_13)","decl":{"start":{"line":252,"column":40},"end":{"line":252,"column":41}},"loc":{"start":{"line":252,"column":60},"end":{"line":278,"column":1}},"line":252},"14":{"name":"(anonymous_14)","decl":{"start":{"line":281,"column":39},"end":{"line":281,"column":40}},"loc":{"start":{"line":281,"column":59},"end":{"line":294,"column":1}},"line":281},"15":{"name":"(anonymous_15)","decl":{"start":{"line":297,"column":35},"end":{"line":297,"column":36}},"loc":{"start":{"line":297,"column":55},"end":{"line":305,"column":1}},"line":297},"16":{"name":"(anonymous_16)","decl":{"start":{"line":308,"column":43},"end":{"line":308,"column":44}},"loc":{"start":{"line":308,"column":63},"end":{"line":321,"column":1}},"line":308},"17":{"name":"(anonymous_17)","decl":{"start":{"line":324,"column":36},"end":{"line":324,"column":37}},"loc":{"start":{"line":324,"column":56},"end":{"line":333,"column":1}},"line":324},"18":{"name":"(anonymous_18)","decl":{"start":{"line":335,"column":36},"end":{"line":335,"column":37}},"loc":{"start":{"line":335,"column":56},"end":{"line":338,"column":1}},"line":335},"19":{"name":"(anonymous_19)","decl":{"start":{"line":337,"column":22},"end":{"line":337,"column":23}},"loc":{"start":{"line":337,"column":28},"end":{"line":337,"column":45}},"line":337}},"branchMap":{"0":{"loc":{"start":{"line":9,"column":2},"end":{"line":9,"column":77}},"type":"if","locations":[{"start":{"line":9,"column":2},"end":{"line":9,"column":77}},{"start":{},"end":{}}],"line":9},"1":{"loc":{"start":{"line":19,"column":2},"end":{"line":24,"column":3}},"type":"if","locations":[{"start":{"line":19,"column":2},"end":{"line":24,"column":3}},{"start":{},"end":{}}],"line":19},"2":{"loc":{"start":{"line":19,"column":6},"end":{"line":19,"column":88}},"type":"binary-expr","locations":[{"start":{"line":19,"column":6},"end":{"line":19,"column":45}},{"start":{"line":19,"column":49},"end":{"line":19,"column":88}}],"line":19},"3":{"loc":{"start":{"line":185,"column":4},"end":{"line":187,"column":5}},"type":"if","locations":[{"start":{"line":185,"column":4},"end":{"line":187,"column":5}},{"start":{},"end":{}}],"line":185},"4":{"loc":{"start":{"line":193,"column":61},"end":{"line":193,"column":76}},"type":"binary-expr","locations":[{"start":{"line":193,"column":61},"end":{"line":193,"column":67}},{"start":{"line":193,"column":71},"end":{"line":193,"column":76}}],"line":193},"5":{"loc":{"start":{"line":300,"column":48},"end":{"line":300,"column":61}},"type":"binary-expr","locations":[{"start":{"line":300,"column":48},"end":{"line":300,"column":55}},{"start":{"line":300,"column":59},"end":{"line":300,"column":61}}],"line":300}},"s":{"0":0,"1":0,"2":0,"3":0,"4":0,"5":0,"6":0,"7":0,"8":0,"9":0,"10":0,"11":0,"12":0,"13":0,"14":0,"15":0,"16":0,"17":0,"18":0,"19":0,"20":0,"21":0,"22":0,"23":0,"24":0,"25":0,"26":0,"27":0,"28":0,"29":0,"30":0,"31":0,"32":0,"33":0,"34":0,"35":0,"36":0,"37":0,"38":0,"39":0,"40":0,"41":0,"42":0,"43":0,"44":0,"45":0,"46":0,"47":0,"48":0,"49":0,"50":0,"51":0,"52":0,"53":0,"54":0,"55":0,"56":0,"57":0,"58":0,"59":0,"60":0,"61":0,"62":0,"63":0,"64":0,"65":0,"66":0,"67":0,"68":0,"69":0,"70":0,"71":0,"72":0,"73":0,"74":0,"75":0,"76":0,"77":0,"78":0,"79":0,"80":0,"81":0,"82":0,"83":0,"84":0,"85":0,"86":0,"87":0,"88":0,"89":0,"90":0,"91":0,"92":0,"93":0,"94":0,"95":0,"96":0,"97":0,"98":0,"99":0,"100":0,"101":0,"102":0,"103":0,"104":0,"105":0,"106":0,"107":0,"108":0,"109":0,"110":0,"111":0,"112":0,"113":0,"114":0,"115":0,"116":0,"117":0,"118":0,"119":0,"120":0,"121":0,"122":0,"123":0,"124":0,"125":0,"126":0,"127":0,"128":0,"129":0,"130":0,"131":0,"132":0,"133":0,"134":0,"135":0,"136":0,"137":0,"138":0,"139":0,"140":0,"141":0},"f":{"0":0,"1":0,"2":0,"3":0,"4":0,"5":0,"6":0,"7":0,"8":0,"9":0,"10":0,"11":0,"12":0,"13":0,"14":0,"15":0,"16":0,"17":0,"18":0,"19":0},"b":{"0":[0,0],"1":[0,0],"2":[0,0],"3":[0,0],"4":[0,0],"5":[0,0]}}
,"C:\\Users\\akshi\\OneDrive\\Desktop\\Gunn\\Medisync\\routes\\authRoutes.js": {"path":"C:\\Users\\akshi\\OneDrive\\Desktop\\Gunn\\Medisync\\routes\\authRoutes.js","statementMap":{"0":{"start":{"line":1,"column":16},"end":{"line":1,"column":34}},"1":{"start":{"line":2,"column":15},"end":{"line":2,"column":32}},"2":{"start":{"line":3,"column":35},"end":{"line":3,"column":63}},"3":{"start":{"line":4,"column":46},"end":{"line":4,"column":79}},"4":{"start":{"line":5,"column":44},"end":{"line":5,"column":76}},"5":{"start":{"line":6,"column":22},"end":{"line":6,"column":50}},"6":{"start":{"line":7,"column":20},"end":{"line":7,"column":36}},"7":{"start":{"line":9,"column":15},"end":{"line":9,"column":31}},"8":{"start":{"line":11,"column":0},"end":{"line":13,"column":3}},"9":{"start":{"line":12,"column":2},"end":{"line":12,"column":27}},"10":{"start":{"line":15,"column":0},"end":{"line":17,"column":3}},"11":{"start":{"line":16,"column":2},"end":{"line":16,"column":37}},"12":{"start":{"line":19,"column":0},"end":{"line":21,"column":3}},"13":{"start":{"line":20,"column":2},"end":{"line":20,"column":38}},"14":{"start":{"line":23,"column":0},"end":{"line":25,"column":3}},"15":{"start":{"line":24,"column":2},"end":{"line":24,"column":37}},"16":{"start":{"line":27,"column":0},"end":{"line":42,"column":2}},"17":{"start":{"line":31,"column":19},"end":{"line":31,"column":40}},"18":{"start":{"line":32,"column":4},"end":{"line":32,"column":83}},"19":{"start":{"line":32,"column":27},"end":{"line":32,"column":83}},"20":{"start":{"line":33,"column":64},"end":{"line":33,"column":72}},"21":{"start":{"line":34,"column":21},"end":{"line":34,"column":52}},"22":{"start":{"line":35,"column":4},"end":{"line":35,"column":74}},"23":{"start":{"line":35,"column":18},"end":{"line":35,"column":74}},"24":{"start":{"line":36,"column":17},"end":{"line":36,"column":48}},"25":{"start":{"line":37,"column":20},"end":{"line":37,"column":98}},"26":{"start":{"line":38,"column":4},"end":{"line":38,"column":70}},"27":{"start":{"line":39,"column":4},"end":{"line":39,"column":33}},"28":{"start":{"line":40,"column":4},"end":{"line":40,"column":39}},"29":{"start":{"line":44,"column":0},"end":{"line":60,"column":2}},"30":{"start":{"line":48,"column":19},"end":{"line":48,"column":40}},"31":{"start":{"line":49,"column":4},"end":{"line":49,"column":83}},"32":{"start":{"line":49,"column":27},"end":{"line":49,"column":83}},"33":{"start":{"line":50,"column":54},"end":{"line":50,"column":62}},"34":{"start":{"line":51,"column":21},"end":{"line":51,"column":51}},"35":{"start":{"line":52,"column":4},"end":{"line":52,"column":74}},"36":{"start":{"line":52,"column":18},"end":{"line":52,"column":74}},"37":{"start":{"line":53,"column":17},"end":{"line":53,"column":48}},"38":{"start":{"line":54,"column":19},"end":{"line":54,"column":86}},"39":{"start":{"line":56,"column":4},"end":{"line":56,"column":67}},"40":{"start":{"line":57,"column":4},"end":{"line":57,"column":32}},"41":{"start":{"line":58,"column":4},"end":{"line":58,"column":38}},"42":{"start":{"line":62,"column":0},"end":{"line":86,"column":3}},"43":{"start":{"line":63,"column":36},"end":{"line":63,"column":44}},"44":{"start":{"line":64,"column":2},"end":{"line":73,"column":3}},"45":{"start":{"line":65,"column":17},"end":{"line":65,"column":48}},"46":{"start":{"line":66,"column":4},"end":{"line":66,"column":66}},"47":{"start":{"line":66,"column":15},"end":{"line":66,"column":66}},"48":{"start":{"line":67,"column":18},"end":{"line":67,"column":63}},"49":{"start":{"line":68,"column":4},"end":{"line":68,"column":67}},"50":{"start":{"line":68,"column":16},"end":{"line":68,"column":67}},"51":{"start":{"line":69,"column":4},"end":{"line":69,"column":64}},"52":{"start":{"line":70,"column":4},"end":{"line":70,"column":33}},"53":{"start":{"line":71,"column":4},"end":{"line":71,"column":115}},"54":{"start":{"line":72,"column":4},"end":{"line":72,"column":46}},"55":{"start":{"line":74,"column":2},"end":{"line":84,"column":3}},"56":{"start":{"line":75,"column":17},"end":{"line":75,"column":47}},"57":{"start":{"line":76,"column":4},"end":{"line":76,"column":66}},"58":{"start":{"line":76,"column":15},"end":{"line":76,"column":66}},"59":{"start":{"line":77,"column":18},"end":{"line":77,"column":63}},"60":{"start":{"line":78,"column":4},"end":{"line":78,"column":67}},"61":{"start":{"line":78,"column":16},"end":{"line":78,"column":67}},"62":{"start":{"line":79,"column":4},"end":{"line":79,"column":87}},"63":{"start":{"line":79,"column":27},"end":{"line":79,"column":87}},"64":{"start":{"line":80,"column":4},"end":{"line":80,"column":63}},"65":{"start":{"line":81,"column":4},"end":{"line":81,"column":32}},"66":{"start":{"line":82,"column":4},"end":{"line":82,"column":112}},"67":{"start":{"line":83,"column":4},"end":{"line":83,"column":45}},"68":{"start":{"line":85,"column":2},"end":{"line":85,"column":57}},"69":{"start":{"line":88,"column":0},"end":{"line":97,"column":3}},"70":{"start":{"line":89,"column":15},"end":{"line":89,"column":31}},"71":{"start":{"line":90,"column":15},"end":{"line":90,"column":31}},"72":{"start":{"line":91,"column":2},"end":{"line":93,"column":3}},"73":{"start":{"line":92,"column":4},"end":{"line":92,"column":123}},"74":{"start":{"line":94,"column":2},"end":{"line":96,"column":5}},"75":{"start":{"line":95,"column":4},"end":{"line":95,"column":22}},"76":{"start":{"line":99,"column":0},"end":{"line":99,"column":24}}},"fnMap":{"0":{"name":"(anonymous_0)","decl":{"start":{"line":11,"column":21},"end":{"line":11,"column":22}},"loc":{"start":{"line":11,"column":35},"end":{"line":13,"column":1}},"line":11},"1":{"name":"(anonymous_1)","decl":{"start":{"line":15,"column":24},"end":{"line":15,"column":25}},"loc":{"start":{"line":15,"column":38},"end":{"line":17,"column":1}},"line":15},"2":{"name":"(anonymous_2)","decl":{"start":{"line":19,"column":32},"end":{"line":19,"column":33}},"loc":{"start":{"line":19,"column":46},"end":{"line":21,"column":1}},"line":19},"3":{"name":"(anonymous_3)","decl":{"start":{"line":23,"column":31},"end":{"line":23,"column":32}},"loc":{"start":{"line":23,"column":45},"end":{"line":25,"column":1}},"line":23},"4":{"name":"(anonymous_4)","decl":{"start":{"line":30,"column":2},"end":{"line":30,"column":3}},"loc":{"start":{"line":30,"column":22},"end":{"line":41,"column":3}},"line":30},"5":{"name":"(anonymous_5)","decl":{"start":{"line":47,"column":2},"end":{"line":47,"column":3}},"loc":{"start":{"line":47,"column":22},"end":{"line":59,"column":3}},"line":47},"6":{"name":"(anonymous_6)","decl":{"start":{"line":62,"column":22},"end":{"line":62,"column":23}},"loc":{"start":{"line":62,"column":42},"end":{"line":86,"column":1}},"line":62},"7":{"name":"(anonymous_7)","decl":{"start":{"line":88,"column":23},"end":{"line":88,"column":24}},"loc":{"start":{"line":88,"column":43},"end":{"line":97,"column":1}},"line":88},"8":{"name":"(anonymous_8)","decl":{"start":{"line":94,"column":22},"end":{"line":94,"column":23}},"loc":{"start":{"line":94,"column":28},"end":{"line":96,"column":3}},"line":94}},"branchMap":{"0":{"loc":{"start":{"line":32,"column":4},"end":{"line":32,"column":83}},"type":"if","locations":[{"start":{"line":32,"column":4},"end":{"line":32,"column":83}},{"start":{},"end":{}}],"line":32},"1":{"loc":{"start":{"line":35,"column":4},"end":{"line":35,"column":74}},"type":"if","locations":[{"start":{"line":35,"column":4},"end":{"line":35,"column":74}},{"start":{},"end":{}}],"line":35},"2":{"loc":{"start":{"line":49,"column":4},"end":{"line":49,"column":83}},"type":"if","locations":[{"start":{"line":49,"column":4},"end":{"line":49,"column":83}},{"start":{},"end":{}}],"line":49},"3":{"loc":{"start":{"line":52,"column":4},"end":{"line":52,"column":74}},"type":"if","locations":[{"start":{"line":52,"column":4},"end":{"line":52,"column":74}},{"start":{},"end":{}}],"line":52},"4":{"loc":{"start":{"line":64,"column":2},"end":{"line":73,"column":3}},"type":"if","locations":[{"start":{"line":64,"column":2},"end":{"line":73,"column":3}},{"start":{},"end":{}}],"line":64},"5":{"loc":{"start":{"line":66,"column":4},"end":{"line":66,"column":66}},"type":"if","locations":[{"start":{"line":66,"column":4},"end":{"line":66,"column":66}},{"start":{},"end":{}}],"line":66},"6":{"loc":{"start":{"line":68,"column":4},"end":{"line":68,"column":67}},"type":"if","locations":[{"start":{"line":68,"column":4},"end":{"line":68,"column":67}},{"start":{},"end":{}}],"line":68},"7":{"loc":{"start":{"line":74,"column":2},"end":{"line":84,"column":3}},"type":"if","locations":[{"start":{"line":74,"column":2},"end":{"line":84,"column":3}},{"start":{},"end":{}}],"line":74},"8":{"loc":{"start":{"line":76,"column":4},"end":{"line":76,"column":66}},"type":"if","locations":[{"start":{"line":76,"column":4},"end":{"line":76,"column":66}},{"start":{},"end":{}}],"line":76},"9":{"loc":{"start":{"line":78,"column":4},"end":{"line":78,"column":67}},"type":"if","locations":[{"start":{"line":78,"column":4},"end":{"line":78,"column":67}},{"start":{},"end":{}}],"line":78},"10":{"loc":{"start":{"line":79,"column":4},"end":{"line":79,"column":87}},"type":"if","locations":[{"start":{"line":79,"column":4},"end":{"line":79,"column":87}},{"start":{},"end":{}}],"line":79},"11":{"loc":{"start":{"line":91,"column":2},"end":{"line":93,"column":3}},"type":"if","locations":[{"start":{"line":91,"column":2},"end":{"line":93,"column":3}},{"start":{},"end":{}}],"line":91},"12":{"loc":{"start":{"line":91,"column":6},"end":{"line":91,"column":18}},"type":"binary-expr","locations":[{"start":{"line":91,"column":6},"end":{"line":91,"column":10}},{"start":{"line":91,"column":14},"end":{"line":91,"column":18}}],"line":91}},"s":{"0":0,"1":0,"2":0,"3":0,"4":0,"5":0,"6":0,"7":0,"8":0,"9":0,"10":0,"11":0,"12":0,"13":0,"14":0,"15":0,"16":0,"17":0,"18":0,"19":0,"20":0,"21":0,"22":0,"23":0,"24":0,"25":0,"26":0,"27":0,"28":0,"29":0,"30":0,"31":0,"32":0,"33":0,"34":0,"35":0,"36":0,"37":0,"38":0,"39":0,"40":0,"41":0,"42":0,"43":0,"44":0,"45":0,"46":0,"47":0,"48":0,"49":0,"50":0,"51":0,"52":0,"53":0,"54":0,"55":0,"56":0,"57":0,"58":0,"59":0,"60":0,"61":0,"62":0,"63":0,"64":0,"65":0,"66":0,"67":0,"68":0,"69":0,"70":0,"71":0,"72":0,"73":0,"74":0,"75":0,"76":0},"f":{"0":0,"1":0,"2":0,"3":0,"4":0,"5":0,"6":0,"7":0,"8":0},"b":{"0":[0,0],"1":[0,0],"2":[0,0],"3":[0,0],"4":[0,0],"5":[0,0],"6":[0,0],"7":[0,0],"8":[0,0],"9":[0,0],"10":[0,0],"11":[0,0],"12":[0,0]}}
,"C:\\Users\\akshi\\OneDrive\\Desktop\\Gunn\\Medisync\\routes\\doctorRoutes.js": {"path":"C:\\Users\\akshi\\OneDrive\\Desktop\\Gunn\\Medisync\\routes\\doctorRoutes.js","statementMap":{"0":{"start":{"line":1,"column":16},"end":{"line":1,"column":34}},"1":{"start":{"line":2,"column":80},"end":{"line":2,"column":117}},"2":{"start":{"line":3,"column":64},"end":{"line":3,"column":102}},"3":{"start":{"line":4,"column":50},"end":{"line":4,"column":90}},"4":{"start":{"line":5,"column":13},"end":{"line":5,"column":36}},"5":{"start":{"line":6,"column":20},"end":{"line":6,"column":37}},"6":{"start":{"line":7,"column":22},"end":{"line":7,"column":50}},"7":{"start":{"line":9,"column":15},"end":{"line":9,"column":31}},"8":{"start":{"line":12,"column":2},"end":{"line":12,"column":78}},"9":{"start":{"line":12,"column":37},"end":{"line":12,"column":78}},"10":{"start":{"line":13,"column":2},"end":{"line":13,"column":9}},"11":{"start":{"line":16,"column":0},"end":{"line":19,"column":3}},"12":{"start":{"line":17,"column":23},"end":{"line":17,"column":72}},"13":{"start":{"line":18,"column":2},"end":{"line":18,"column":51}},"14":{"start":{"line":21,"column":0},"end":{"line":26,"column":3}},"15":{"start":{"line":22,"column":21},"end":{"line":22,"column":29}},"16":{"start":{"line":23,"column":2},"end":{"line":23,"column":107}},"17":{"start":{"line":23,"column":61},"end":{"line":23,"column":107}},"18":{"start":{"line":24,"column":2},"end":{"line":24,"column":69}},"19":{"start":{"line":25,"column":2},"end":{"line":25,"column":36}},"20":{"start":{"line":28,"column":0},"end":{"line":42,"column":3}},"21":{"start":{"line":29,"column":25},"end":{"line":29,"column":52}},"22":{"start":{"line":30,"column":15},"end":{"line":30,"column":55}},"23":{"start":{"line":31,"column":24},"end":{"line":31,"column":77}},"24":{"start":{"line":32,"column":18},"end":{"line":32,"column":59}},"25":{"start":{"line":34,"column":24},"end":{"line":40,"column":3}},"26":{"start":{"line":41,"column":2},"end":{"line":41,"column":94}},"27":{"start":{"line":44,"column":35},"end":{"line":44,"column":63}},"28":{"start":{"line":46,"column":0},"end":{"line":60,"column":2}},"29":{"start":{"line":53,"column":19},"end":{"line":53,"column":40}},"30":{"start":{"line":54,"column":4},"end":{"line":54,"column":83}},"31":{"start":{"line":54,"column":27},"end":{"line":54,"column":83}},"32":{"start":{"line":55,"column":78},"end":{"line":55,"column":86}},"33":{"start":{"line":56,"column":4},"end":{"line":56,"column":126}},"34":{"start":{"line":57,"column":4},"end":{"line":57,"column":197}},"35":{"start":{"line":58,"column":4},"end":{"line":58,"column":54}},"36":{"start":{"line":62,"column":0},"end":{"line":68,"column":3}},"37":{"start":{"line":63,"column":43},"end":{"line":63,"column":51}},"38":{"start":{"line":64,"column":15},"end":{"line":64,"column":69}},"39":{"start":{"line":65,"column":2},"end":{"line":65,"column":101}},"40":{"start":{"line":66,"column":2},"end":{"line":66,"column":177}},"41":{"start":{"line":67,"column":2},"end":{"line":67,"column":52}},"42":{"start":{"line":70,"column":0},"end":{"line":85,"column":3}},"43":{"start":{"line":71,"column":25},"end":{"line":71,"column":52}},"44":{"start":{"line":72,"column":24},"end":{"line":72,"column":77}},"45":{"start":{"line":73,"column":14},"end":{"line":73,"column":31}},"46":{"start":{"line":74,"column":2},"end":{"line":74,"column":51}},"47":{"start":{"line":75,"column":2},"end":{"line":75,"column":98}},"48":{"start":{"line":76,"column":2},"end":{"line":76,"column":16}},"49":{"start":{"line":77,"column":2},"end":{"line":77,"column":49}},"50":{"start":{"line":78,"column":2},"end":{"line":78,"column":17}},"51":{"start":{"line":79,"column":2},"end":{"line":83,"column":5}},"52":{"start":{"line":80,"column":4},"end":{"line":80,"column":106}},"53":{"start":{"line":81,"column":4},"end":{"line":81,"column":68}},"54":{"start":{"line":81,"column":24},"end":{"line":81,"column":68}},"55":{"start":{"line":82,"column":4},"end":{"line":82,"column":19}},"56":{"start":{"line":84,"column":2},"end":{"line":84,"column":12}},"57":{"start":{"line":87,"column":0},"end":{"line":87,"column":24}}},"fnMap":{"0":{"name":"ensureDoctor","decl":{"start":{"line":11,"column":9},"end":{"line":11,"column":21}},"loc":{"start":{"line":11,"column":38},"end":{"line":14,"column":1}},"line":11},"1":{"name":"(anonymous_1)","decl":{"start":{"line":16,"column":39},"end":{"line":16,"column":40}},"loc":{"start":{"line":16,"column":59},"end":{"line":19,"column":1}},"line":16},"2":{"name":"(anonymous_2)","decl":{"start":{"line":21,"column":54},"end":{"line":21,"column":55}},"loc":{"start":{"line":21,"column":74},"end":{"line":26,"column":1}},"line":21},"3":{"name":"(anonymous_3)","decl":{"start":{"line":28,"column":41},"end":{"line":28,"column":42}},"loc":{"start":{"line":28,"column":61},"end":{"line":42,"column":1}},"line":28},"4":{"name":"(anonymous_4)","decl":{"start":{"line":52,"column":2},"end":{"line":52,"column":3}},"loc":{"start":{"line":52,"column":22},"end":{"line":59,"column":3}},"line":52},"5":{"name":"(anonymous_5)","decl":{"start":{"line":62,"column":39},"end":{"line":62,"column":40}},"loc":{"start":{"line":62,"column":59},"end":{"line":68,"column":1}},"line":62},"6":{"name":"(anonymous_6)","decl":{"start":{"line":70,"column":50},"end":{"line":70,"column":51}},"loc":{"start":{"line":70,"column":70},"end":{"line":85,"column":1}},"line":70},"7":{"name":"(anonymous_7)","decl":{"start":{"line":79,"column":24},"end":{"line":79,"column":25}},"loc":{"start":{"line":79,"column":29},"end":{"line":83,"column":3}},"line":79}},"branchMap":{"0":{"loc":{"start":{"line":12,"column":2},"end":{"line":12,"column":78}},"type":"if","locations":[{"start":{"line":12,"column":2},"end":{"line":12,"column":78}},{"start":{},"end":{}}],"line":12},"1":{"loc":{"start":{"line":23,"column":2},"end":{"line":23,"column":107}},"type":"if","locations":[{"start":{"line":23,"column":2},"end":{"line":23,"column":107}},{"start":{},"end":{}}],"line":23},"2":{"loc":{"start":{"line":54,"column":4},"end":{"line":54,"column":83}},"type":"if","locations":[{"start":{"line":54,"column":4},"end":{"line":54,"column":83}},{"start":{},"end":{}}],"line":54},"3":{"loc":{"start":{"line":81,"column":4},"end":{"line":81,"column":68}},"type":"if","locations":[{"start":{"line":81,"column":4},"end":{"line":81,"column":68}},{"start":{},"end":{}}],"line":81}},"s":{"0":0,"1":0,"2":0,"3":0,"4":0,"5":0,"6":0,"7":0,"8":0,"9":0,"10":0,"11":0,"12":0,"13":0,"14":0,"15":0,"16":0,"17":0,"18":0,"19":0,"20":0,"21":0,"22":0,"23":0,"24":0,"25":0,"26":0,"27":0,"28":0,"29":0,"30":0,"31":0,"32":0,"33":0,"34":0,"35":0,"36":0,"37":0,"38":0,"39":0,"40":0,"41":0,"42":0,"43":0,"44":0,"45":0,"46":0,"47":0,"48":0,"49":0,"50":0,"51":0,"52":0,"53":0,"54":0,"55":0,"56":0,"57":0},"f":{"0":0,"1":0,"2":0,"3":0,"4":0,"5":0,"6":0,"7":0},"b":{"0":[0,0],"1":[0,0],"2":[0,0],"3":[0,0]}}
,"C:\\Users\\akshi\\OneDrive\\Desktop\\Gunn\\Medisync\\routes\\healthIntelligenceRoutes.js": {"path":"C:\\Users\\akshi\\OneDrive\\Desktop\\Gunn\\Medisync\\routes\\healthIntelligenceRoutes.js","statementMap":{"0":{"start":{"line":1,"column":16},"end":{"line":1,"column":34}},"1":{"start":{"line":2,"column":40},"end":{"line":2,"column":84}},"2":{"start":{"line":4,"column":15},"end":{"line":4,"column":31}},"3":{"start":{"line":7,"column":2},"end":{"line":7,"column":79}},"4":{"start":{"line":7,"column":38},"end":{"line":7,"column":79}},"5":{"start":{"line":8,"column":2},"end":{"line":8,"column":9}},"6":{"start":{"line":17,"column":0},"end":{"line":25,"column":3}},"7":{"start":{"line":18,"column":2},"end":{"line":24,"column":3}},"8":{"start":{"line":19,"column":19},"end":{"line":19,"column":73}},"9":{"start":{"line":20,"column":4},"end":{"line":20,"column":60}},"10":{"start":{"line":22,"column":4},"end":{"line":22,"column":71}},"11":{"start":{"line":23,"column":4},"end":{"line":23,"column":62}},"12":{"start":{"line":30,"column":0},"end":{"line":38,"column":3}},"13":{"start":{"line":31,"column":2},"end":{"line":37,"column":3}},"14":{"start":{"line":32,"column":19},"end":{"line":32,"column":73}},"15":{"start":{"line":33,"column":4},"end":{"line":33,"column":67}},"16":{"start":{"line":35,"column":4},"end":{"line":35,"column":58}},"17":{"start":{"line":36,"column":4},"end":{"line":36,"column":59}},"18":{"start":{"line":43,"column":0},"end":{"line":51,"column":3}},"19":{"start":{"line":44,"column":2},"end":{"line":50,"column":3}},"20":{"start":{"line":45,"column":19},"end":{"line":45,"column":73}},"21":{"start":{"line":46,"column":4},"end":{"line":46,"column":68}},"22":{"start":{"line":48,"column":4},"end":{"line":48,"column":59}},"23":{"start":{"line":49,"column":4},"end":{"line":49,"column":60}},"24":{"start":{"line":56,"column":0},"end":{"line":64,"column":3}},"25":{"start":{"line":57,"column":2},"end":{"line":63,"column":3}},"26":{"start":{"line":58,"column":19},"end":{"line":58,"column":73}},"27":{"start":{"line":59,"column":4},"end":{"line":59,"column":68}},"28":{"start":{"line":61,"column":4},"end":{"line":61,"column":59}},"29":{"start":{"line":62,"column":4},"end":{"line":62,"column":60}},"30":{"start":{"line":69,"column":0},"end":{"line":77,"column":3}},"31":{"start":{"line":70,"column":2},"end":{"line":76,"column":3}},"32":{"start":{"line":71,"column":19},"end":{"line":71,"column":73}},"33":{"start":{"line":72,"column":4},"end":{"line":72,"column":21}},"34":{"start":{"line":74,"column":4},"end":{"line":74,"column":58}},"35":{"start":{"line":75,"column":4},"end":{"line":75,"column":63}},"36":{"start":{"line":79,"column":0},"end":{"line":79,"column":24}}},"fnMap":{"0":{"name":"ensurePatient","decl":{"start":{"line":6,"column":9},"end":{"line":6,"column":22}},"loc":{"start":{"line":6,"column":39},"end":{"line":9,"column":1}},"line":6},"1":{"name":"(anonymous_1)","decl":{"start":{"line":17,"column":40},"end":{"line":17,"column":41}},"loc":{"start":{"line":17,"column":60},"end":{"line":25,"column":1}},"line":17},"2":{"name":"(anonymous_2)","decl":{"start":{"line":30,"column":47},"end":{"line":30,"column":48}},"loc":{"start":{"line":30,"column":67},"end":{"line":38,"column":1}},"line":30},"3":{"name":"(anonymous_3)","decl":{"start":{"line":43,"column":48},"end":{"line":43,"column":49}},"loc":{"start":{"line":43,"column":68},"end":{"line":51,"column":1}},"line":43},"4":{"name":"(anonymous_4)","decl":{"start":{"line":56,"column":48},"end":{"line":56,"column":49}},"loc":{"start":{"line":56,"column":68},"end":{"line":64,"column":1}},"line":56},"5":{"name":"(anonymous_5)","decl":{"start":{"line":69,"column":41},"end":{"line":69,"column":42}},"loc":{"start":{"line":69,"column":61},"end":{"line":77,"column":1}},"line":69}},"branchMap":{"0":{"loc":{"start":{"line":7,"column":2},"end":{"line":7,"column":79}},"type":"if","locations":[{"start":{"line":7,"column":2},"end":{"line":7,"column":79}},{"start":{},"end":{}}],"line":7}},"s":{"0":1,"1":1,"2":1,"3":11,"4":0,"5":11,"6":1,"7":3,"8":3,"9":2,"10":1,"11":1,"12":1,"13":2,"14":2,"15":2,"16":0,"17":0,"18":1,"19":1,"20":1,"21":1,"22":0,"23":0,"24":1,"25":2,"26":2,"27":2,"28":0,"29":0,"30":1,"31":3,"32":3,"33":2,"34":1,"35":1,"36":1},"f":{"0":11,"1":3,"2":2,"3":1,"4":2,"5":3},"b":{"0":[0,11]},"_coverageSchema":"1a1c01bbd47fc00a2c39e90264f33305004495a9","hash":"541cc72478448a57930c0c998a66e440617b1a23"}
,"C:\\Users\\akshi\\OneDrive\\Desktop\\Gunn\\Medisync\\routes\\patientRoutes.js": {"path":"C:\\Users\\akshi\\OneDrive\\Desktop\\Gunn\\Medisync\\routes\\patientRoutes.js","statementMap":{"0":{"start":{"line":1,"column":16},"end":{"line":1,"column":34}},"1":{"start":{"line":2,"column":14},"end":{"line":2,"column":30}},"2":{"start":{"line":3,"column":35},"end":{"line":3,"column":63}},"3":{"start":{"line":4,"column":24},"end":{"line":4,"column":56}},"4":{"start":{"line":5,"column":87},"end":{"line":5,"column":124}},"5":{"start":{"line":6,"column":73},"end":{"line":6,"column":111}},"6":{"start":{"line":7,"column":31},"end":{"line":7,"column":71}},"7":{"start":{"line":8,"column":13},"end":{"line":8,"column":36}},"8":{"start":{"line":9,"column":20},"end":{"line":9,"column":37}},"9":{"start":{"line":11,"column":15},"end":{"line":11,"column":31}},"10":{"start":{"line":14,"column":2},"end":{"line":14,"column":79}},"11":{"start":{"line":14,"column":38},"end":{"line":14,"column":79}},"12":{"start":{"line":15,"column":2},"end":{"line":15,"column":9}},"13":{"start":{"line":18,"column":0},"end":{"line":23,"column":3}},"14":{"start":{"line":19,"column":19},"end":{"line":19,"column":69}},"15":{"start":{"line":20,"column":24},"end":{"line":20,"column":78}},"16":{"start":{"line":21,"column":18},"end":{"line":21,"column":98}},"17":{"start":{"line":22,"column":2},"end":{"line":22,"column":72}},"18":{"start":{"line":25,"column":0},"end":{"line":28,"column":3}},"19":{"start":{"line":26,"column":18},"end":{"line":26,"column":37}},"20":{"start":{"line":27,"column":2},"end":{"line":27,"column":42}},"21":{"start":{"line":30,"column":0},"end":{"line":67,"column":2}},"22":{"start":{"line":37,"column":19},"end":{"line":37,"column":40}},"23":{"start":{"line":38,"column":4},"end":{"line":38,"column":83}},"24":{"start":{"line":38,"column":27},"end":{"line":38,"column":83}},"25":{"start":{"line":40,"column":62},"end":{"line":40,"column":70}},"26":{"start":{"line":41,"column":18},"end":{"line":41,"column":48}},"27":{"start":{"line":42,"column":16},"end":{"line":42,"column":44}},"28":{"start":{"line":43,"column":4},"end":{"line":45,"column":5}},"29":{"start":{"line":44,"column":6},"end":{"line":44,"column":60}},"30":{"start":{"line":46,"column":4},"end":{"line":48,"column":5}},"31":{"start":{"line":47,"column":6},"end":{"line":47,"column":60}},"32":{"start":{"line":50,"column":20},"end":{"line":55,"column":6}},"33":{"start":{"line":56,"column":4},"end":{"line":56,"column":83}},"34":{"start":{"line":56,"column":17},"end":{"line":56,"column":83}},"35":{"start":{"line":58,"column":4},"end":{"line":64,"column":7}},"36":{"start":{"line":65,"column":4},"end":{"line":65,"column":39}},"37":{"start":{"line":69,"column":0},"end":{"line":72,"column":3}},"38":{"start":{"line":70,"column":18},"end":{"line":70,"column":63}},"39":{"start":{"line":71,"column":2},"end":{"line":71,"column":45}},"40":{"start":{"line":74,"column":0},"end":{"line":77,"column":3}},"41":{"start":{"line":75,"column":24},"end":{"line":75,"column":78}},"42":{"start":{"line":76,"column":2},"end":{"line":76,"column":57}},"43":{"start":{"line":79,"column":0},"end":{"line":89,"column":3}},"44":{"start":{"line":80,"column":19},"end":{"line":87,"column":3}},"45":{"start":{"line":88,"column":2},"end":{"line":88,"column":52}},"46":{"start":{"line":91,"column":0},"end":{"line":146,"column":3}},"47":{"start":{"line":92,"column":26},"end":{"line":92,"column":53}},"48":{"start":{"line":95,"column":26},"end":{"line":102,"column":3}},"49":{"start":{"line":104,"column":2},"end":{"line":106,"column":3}},"50":{"start":{"line":105,"column":4},"end":{"line":105,"column":58}},"51":{"start":{"line":108,"column":23},"end":{"line":108,"column":31}},"52":{"start":{"line":109,"column":14},"end":{"line":109,"column":31}},"53":{"start":{"line":110,"column":2},"end":{"line":110,"column":51}},"54":{"start":{"line":111,"column":2},"end":{"line":111,"column":99}},"55":{"start":{"line":112,"column":2},"end":{"line":112,"column":16}},"56":{"start":{"line":115,"column":2},"end":{"line":115,"column":93}},"57":{"start":{"line":116,"column":2},"end":{"line":116,"column":20}},"58":{"start":{"line":117,"column":2},"end":{"line":117,"column":103}},"59":{"start":{"line":118,"column":2},"end":{"line":118,"column":52}},"60":{"start":{"line":119,"column":2},"end":{"line":119,"column":17}},"61":{"start":{"line":122,"column":2},"end":{"line":122,"column":100}},"62":{"start":{"line":123,"column":2},"end":{"line":123,"column":37}},"63":{"start":{"line":124,"column":2},"end":{"line":124,"column":50}},"64":{"start":{"line":125,"column":2},"end":{"line":125,"column":51}},"65":{"start":{"line":126,"column":2},"end":{"line":126,"column":78}},"66":{"start":{"line":127,"column":2},"end":{"line":127,"column":17}},"67":{"start":{"line":130,"column":2},"end":{"line":130,"column":88}},"68":{"start":{"line":131,"column":2},"end":{"line":131,"column":37}},"69":{"start":{"line":132,"column":2},"end":{"line":132,"column":54}},"70":{"start":{"line":133,"column":2},"end":{"line":133,"column":45}},"71":{"start":{"line":134,"column":2},"end":{"line":134,"column":49}},"72":{"start":{"line":135,"column":2},"end":{"line":137,"column":3}},"73":{"start":{"line":136,"column":4},"end":{"line":136,"column":59}},"74":{"start":{"line":138,"column":2},"end":{"line":138,"column":17}},"75":{"start":{"line":141,"column":2},"end":{"line":141,"column":52}},"76":{"start":{"line":142,"column":2},"end":{"line":142,"column":150}},"77":{"start":{"line":143,"column":2},"end":{"line":143,"column":81}},"78":{"start":{"line":145,"column":2},"end":{"line":145,"column":12}},"79":{"start":{"line":148,"column":0},"end":{"line":148,"column":24}}},"fnMap":{"0":{"name":"ensurePatient","decl":{"start":{"line":13,"column":9},"end":{"line":13,"column":22}},"loc":{"start":{"line":13,"column":39},"end":{"line":16,"column":1}},"line":13},"1":{"name":"(anonymous_1)","decl":{"start":{"line":18,"column":40},"end":{"line":18,"column":41}},"loc":{"start":{"line":18,"column":60},"end":{"line":23,"column":1}},"line":18},"2":{"name":"(anonymous_2)","decl":{"start":{"line":25,"column":35},"end":{"line":25,"column":36}},"loc":{"start":{"line":25,"column":55},"end":{"line":28,"column":1}},"line":25},"3":{"name":"(anonymous_3)","decl":{"start":{"line":36,"column":2},"end":{"line":36,"column":3}},"loc":{"start":{"line":36,"column":22},"end":{"line":66,"column":3}},"line":36},"4":{"name":"(anonymous_4)","decl":{"start":{"line":69,"column":38},"end":{"line":69,"column":39}},"loc":{"start":{"line":69,"column":58},"end":{"line":72,"column":1}},"line":69},"5":{"name":"(anonymous_5)","decl":{"start":{"line":74,"column":44},"end":{"line":74,"column":45}},"loc":{"start":{"line":74,"column":64},"end":{"line":77,"column":1}},"line":74},"6":{"name":"(anonymous_6)","decl":{"start":{"line":79,"column":41},"end":{"line":79,"column":42}},"loc":{"start":{"line":79,"column":61},"end":{"line":89,"column":1}},"line":79},"7":{"name":"(anonymous_7)","decl":{"start":{"line":91,"column":51},"end":{"line":91,"column":52}},"loc":{"start":{"line":91,"column":71},"end":{"line":146,"column":1}},"line":91}},"branchMap":{"0":{"loc":{"start":{"line":14,"column":2},"end":{"line":14,"column":79}},"type":"if","locations":[{"start":{"line":14,"column":2},"end":{"line":14,"column":79}},{"start":{},"end":{}}],"line":14},"1":{"loc":{"start":{"line":38,"column":4},"end":{"line":38,"column":83}},"type":"if","locations":[{"start":{"line":38,"column":4},"end":{"line":38,"column":83}},{"start":{},"end":{}}],"line":38},"2":{"loc":{"start":{"line":43,"column":4},"end":{"line":45,"column":5}},"type":"if","locations":[{"start":{"line":43,"column":4},"end":{"line":45,"column":5}},{"start":{},"end":{}}],"line":43},"3":{"loc":{"start":{"line":43,"column":8},"end":{"line":43,"column":65}},"type":"binary-expr","locations":[{"start":{"line":43,"column":8},"end":{"line":43,"column":24}},{"start":{"line":43,"column":28},"end":{"line":43,"column":42}},{"start":{"line":43,"column":46},"end":{"line":43,"column":65}}],"line":43},"4":{"loc":{"start":{"line":46,"column":4},"end":{"line":48,"column":5}},"type":"if","locations":[{"start":{"line":46,"column":4},"end":{"line":48,"column":5}},{"start":{},"end":{}}],"line":46},"5":{"loc":{"start":{"line":56,"column":4},"end":{"line":56,"column":83}},"type":"if","locations":[{"start":{"line":56,"column":4},"end":{"line":56,"column":83}},{"start":{},"end":{}}],"line":56},"6":{"loc":{"start":{"line":104,"column":2},"end":{"line":106,"column":3}},"type":"if","locations":[{"start":{"line":104,"column":2},"end":{"line":106,"column":3}},{"start":{},"end":{}}],"line":104},"7":{"loc":{"start":{"line":104,"column":6},"end":{"line":104,"column":71}},"type":"binary-expr","locations":[{"start":{"line":104,"column":6},"end":{"line":104,"column":24}},{"start":{"line":104,"column":28},"end":{"line":104,"column":71}}],"line":104},"8":{"loc":{"start":{"line":135,"column":2},"end":{"line":137,"column":3}},"type":"if","locations":[{"start":{"line":135,"column":2},"end":{"line":137,"column":3}},{"start":{},"end":{}}],"line":135}},"s":{"0":0,"1":0,"2":0,"3":0,"4":0,"5":0,"6":0,"7":0,"8":0,"9":0,"10":0,"11":0,"12":0,"13":0,"14":0,"15":0,"16":0,"17":0,"18":0,"19":0,"20":0,"21":0,"22":0,"23":0,"24":0,"25":0,"26":0,"27":0,"28":0,"29":0,"30":0,"31":0,"32":0,"33":0,"34":0,"35":0,"36":0,"37":0,"38":0,"39":0,"40":0,"41":0,"42":0,"43":0,"44":0,"45":0,"46":0,"47":0,"48":0,"49":0,"50":0,"51":0,"52":0,"53":0,"54":0,"55":0,"56":0,"57":0,"58":0,"59":0,"60":0,"61":0,"62":0,"63":0,"64":0,"65":0,"66":0,"67":0,"68":0,"69":0,"70":0,"71":0,"72":0,"73":0,"74":0,"75":0,"76":0,"77":0,"78":0,"79":0},"f":{"0":0,"1":0,"2":0,"3":0,"4":0,"5":0,"6":0,"7":0},"b":{"0":[0,0],"1":[0,0],"2":[0,0],"3":[0,0,0],"4":[0,0],"5":[0,0],"6":[0,0],"7":[0,0],"8":[0,0]}}
,"C:\\Users\\akshi\\OneDrive\\Desktop\\Gunn\\Medisync\\routes\\predictionRoutes.js": {"path":"C:\\Users\\akshi\\OneDrive\\Desktop\\Gunn\\Medisync\\routes\\predictionRoutes.js","statementMap":{"0":{"start":{"line":1,"column":16},"end":{"line":1,"column":34}},"1":{"start":{"line":2,"column":13},"end":{"line":2,"column":36}},"2":{"start":{"line":4,"column":15},"end":{"line":4,"column":31}},"3":{"start":{"line":7,"column":2},"end":{"line":7,"column":66}},"4":{"start":{"line":7,"column":25},"end":{"line":7,"column":66}},"5":{"start":{"line":8,"column":2},"end":{"line":8,"column":9}},"6":{"start":{"line":11,"column":0},"end":{"line":23,"column":3}},"7":{"start":{"line":12,"column":20},"end":{"line":12,"column":54}},"8":{"start":{"line":13,"column":19},"end":{"line":21,"column":3}},"9":{"start":{"line":22,"column":2},"end":{"line":22,"column":17}},"10":{"start":{"line":25,"column":0},"end":{"line":25,"column":24}}},"fnMap":{"0":{"name":"ensureAuth","decl":{"start":{"line":6,"column":9},"end":{"line":6,"column":19}},"loc":{"start":{"line":6,"column":36},"end":{"line":9,"column":1}},"line":6},"1":{"name":"(anonymous_1)","decl":{"start":{"line":11,"column":58},"end":{"line":11,"column":59}},"loc":{"start":{"line":11,"column":78},"end":{"line":23,"column":1}},"line":11}},"branchMap":{"0":{"loc":{"start":{"line":7,"column":2},"end":{"line":7,"column":66}},"type":"if","locations":[{"start":{"line":7,"column":2},"end":{"line":7,"column":66}},{"start":{},"end":{}}],"line":7}},"s":{"0":0,"1":0,"2":0,"3":0,"4":0,"5":0,"6":0,"7":0,"8":0,"9":0,"10":0},"f":{"0":0,"1":0},"b":{"0":[0,0]}}
,"C:\\Users\\akshi\\OneDrive\\Desktop\\Gunn\\Medisync\\utils\\auditLog.js": {"path":"C:\\Users\\akshi\\OneDrive\\Desktop\\Gunn\\Medisync\\utils\\auditLog.js","statementMap":{"0":{"start":{"line":1,"column":13},"end":{"line":1,"column":36}},"1":{"start":{"line":12,"column":2},"end":{"line":20,"column":3}},"2":{"start":{"line":13,"column":4},"end":{"line":17,"column":6}},"3":{"start":{"line":19,"column":4},"end":{"line":19,"column":43}},"4":{"start":{"line":23,"column":0},"end":{"line":23,"column":31}}},"fnMap":{"0":{"name":"logAction","decl":{"start":{"line":11,"column":15},"end":{"line":11,"column":24}},"loc":{"start":{"line":11,"column":82},"end":{"line":21,"column":1}},"line":11}},"branchMap":{"0":{"loc":{"start":{"line":11,"column":66},"end":{"line":11,"column":80}},"type":"default-arg","locations":[{"start":{"line":11,"column":76},"end":{"line":11,"column":80}}],"line":11}},"s":{"0":1,"1":6,"2":6,"3":1,"4":1},"f":{"0":6},"b":{"0":[0]},"_coverageSchema":"1a1c01bbd47fc00a2c39e90264f33305004495a9","hash":"ca2156f807ada0ff87ed229e76aa567eeda61c8e"}
}
