TN:
SF:models\appointmentModel.js
FN:4,hasOverlap
FN:15,createAppointment
FN:24,listPatientAppointments
FN:34,listDoctorAppointments
FN:44,updateAppointmentStatus
FN:52,getAppointmentById
FNF:6
FNH:0
FNDA:0,hasOverlap
FNDA:0,createAppointment
FNDA:0,listPatientAppointments
FNDA:0,listDoctorAppointments
FNDA:0,updateAppointmentStatus
FNDA:0,getAppointmentById
DA:1,0
DA:5,0
DA:12,0
DA:16,0
DA:21,0
DA:25,0
DA:31,0
DA:35,0
DA:41,0
DA:45,0
DA:49,0
DA:53,0
DA:61,0
DA:64,0
LF:14
LH:0
BRDA:61,0,0,0
BRDA:61,0,1,0
BRF:2
BRH:0
end_of_record
TN:
SF:models\diseaseHistoryModel.js
FN:3,addDiseaseHistory
FN:12,listDiseaseHistory
FNF:2
FNH:0
FNDA:0,addDiseaseHistory
FNDA:0,listDiseaseHistory
DA:1,0
DA:4,0
DA:9,0
DA:13,0
DA:17,0
DA:20,0
LF:6
LH:0
BRF:0
BRH:0
end_of_record
TN:
SF:models\doctorModel.js
FN:3,createDoctor
FN:12,findDoctorByEmail
FN:17,getDoctorById
FN:22,listDoctors
FN:27,listUnverifiedDoctors
FN:32,verifyDoctor
FNF:6
FNH:0
FNDA:0,createDoctor
FNDA:0,findDoctorByEmail
FNDA:0,getDoctorById
FNDA:0,listDoctors
FNDA:0,listUnverifiedDoctors
FNDA:0,verifyDoctor
DA:1,0
DA:4,0
DA:9,0
DA:13,0
DA:14,0
DA:18,0
DA:19,0
DA:23,0
DA:24,0
DA:28,0
DA:29,0
DA:33,0
DA:34,0
DA:37,0
LF:14
LH:0
BRDA:14,0,0,0
BRDA:14,0,1,0
BRDA:19,1,0,0
BRDA:19,1,1,0
BRF:4
BRH:0
end_of_record
TN:
SF:models\healthIntelligenceModel.js
FN:7,detectDiseasePatterns
FN:21,(anonymous_1)
FN:40,detectAllergyRisks
FN:69,(anonymous_3)
FN:76,(anonymous_4)
FN:94,calculateHealthRiskScore
FN:238,getHealthIntelligenceReport
FN:283,generateRecommendations
FN:287,(anonymous_8)
FN:300,(anonymous_9)
FN:339,(anonymous_10)
FNF:11
FNH:8
FNDA:6,detectDiseasePatterns
FNDA:2,(anonymous_1)
FNDA:6,detectAllergyRisks
FNDA:1,(anonymous_3)
FNDA:1,(anonymous_4)
FNDA:7,calculateHealthRiskScore
FNDA:2,getHealthIntelligenceReport
FNDA:1,generateRecommendations
FNDA:0,(anonymous_8)
FNDA:0,(anonymous_9)
FNDA:0,(anonymous_10)
DA:1,1
DA:8,6
DA:9,6
DA:21,4
DA:31,2
DA:32,2
DA:41,6
DA:43,6
DA:58,4
DA:68,4
DA:69,1
DA:76,1
DA:82,2
DA:83,2
DA:95,7
DA:97,7
DA:102,5
DA:105,5
DA:116,5
DA:128,5
DA:138,5
DA:139,5
DA:142,5
DA:143,5
DA:144,5
DA:147,5
DA:148,5
DA:149,5
DA:150,5
DA:151,5
DA:157,5
DA:158,5
DA:159,5
DA:160,5
DA:161,5
DA:162,3
DA:163,3
DA:165,5
DA:171,5
DA:172,5
DA:173,5
DA:174,5
DA:180,5
DA:183,5
DA:184,5
DA:186,5
DA:187,2
DA:188,2
DA:189,3
DA:190,0
DA:191,0
DA:192,3
DA:193,1
DA:194,1
DA:195,2
DA:196,1
DA:197,1
DA:200,5
DA:203,5
DA:211,5
DA:225,2
DA:226,2
DA:239,2
DA:240,2
DA:241,2
DA:242,2
DA:245,2
DA:263,1
DA:270,1
DA:271,1
DA:284,1
DA:287,1
DA:288,0
DA:289,0
DA:299,1
DA:300,0
DA:301,0
DA:302,0
DA:313,1
DA:314,0
DA:320,1
DA:321,0
DA:330,1
DA:331,0
DA:339,1
DA:340,0
DA:341,0
DA:345,1
LF:88
LH:76
BRDA:24,0,0,1
BRDA:24,0,1,1
BRDA:26,1,0,1
BRDA:26,1,1,0
BRDA:71,2,0,1
BRDA:71,2,1,0
BRDA:72,3,0,1
BRDA:72,3,1,0
BRDA:78,4,0,0
BRDA:78,4,1,1
BRDA:78,5,0,1
BRDA:78,5,1,0
BRDA:102,6,0,5
BRDA:102,6,1,0
BRDA:147,7,0,5
BRDA:147,7,1,0
BRDA:148,8,0,5
BRDA:148,8,1,0
BRDA:157,9,0,5
BRDA:157,9,1,0
BRDA:158,10,0,5
BRDA:158,10,1,0
BRDA:161,11,0,3
BRDA:161,11,1,2
BRDA:171,12,0,5
BRDA:171,12,1,3
BRDA:186,13,0,2
BRDA:186,13,1,3
BRDA:189,14,0,0
BRDA:189,14,1,3
BRDA:192,15,0,1
BRDA:192,15,1,2
BRDA:195,16,0,1
BRDA:195,16,1,1
BRDA:221,17,0,3
BRDA:221,17,1,2
BRDA:254,18,0,1
BRDA:254,18,1,0
BRDA:256,19,0,1
BRDA:256,19,1,0
BRDA:258,20,0,0
BRDA:258,20,1,1
BRDA:288,21,0,0
BRDA:288,21,1,0
BRDA:299,22,0,0
BRDA:299,22,1,1
BRDA:301,23,0,0
BRDA:301,23,1,0
BRDA:313,24,0,0
BRDA:313,24,1,1
BRDA:320,25,0,0
BRDA:320,25,1,1
BRDA:330,26,0,0
BRDA:330,26,1,1
BRF:54
BRH:32
end_of_record
TN:
SF:models\patientModel.js
FN:3,createPatient
FN:12,findPatientByEmail
FN:17,getPatientById
FNF:3
FNH:0
FNDA:0,createPatient
FNDA:0,findPatientByEmail
FNDA:0,getPatientById
DA:1,0
DA:4,0
DA:9,0
DA:13,0
DA:14,0
DA:18,0
DA:19,0
DA:22,0
LF:8
LH:0
BRDA:14,0,0,0
BRDA:14,0,1,0
BRDA:19,1,0,0
BRDA:19,1,1,0
BRF:4
BRH:0
end_of_record
TN:
SF:models\prescriptionModel.js
FN:3,createPrescription
FN:12,listPrescriptionsForPatient
FN:25,listPrescriptionsForAppointment
FNF:3
FNH:0
FNDA:0,createPrescription
FNDA:0,listPrescriptionsForPatient
FNDA:0,listPrescriptionsForAppointment
DA:1,0
DA:4,0
DA:9,0
DA:13,0
DA:22,0
DA:26,0
DA:30,0
DA:33,0
LF:8
LH:0
BRF:0
BRH:0
end_of_record
TN:
SF:routes\adminRoutes.js
FN:8,ensureAdmin
FN:13,(anonymous_1)
FN:17,(anonymous_2)
FN:29,(anonymous_3)
FN:54,(anonymous_4)
FN:80,(anonymous_5)
FN:94,(anonymous_6)
FN:108,(anonymous_7)
FN:122,(anonymous_8)
FN:146,(anonymous_9)
FN:160,(anonymous_10)
FN:174,(anonymous_11)
FN:201,(anonymous_12)
FN:252,(anonymous_13)
FN:281,(anonymous_14)
FN:297,(anonymous_15)
FN:308,(anonymous_16)
FN:324,(anonymous_17)
FN:335,(anonymous_18)
FN:337,(anonymous_19)
FNF:20
FNH:0
FNDA:0,ensureAdmin
FNDA:0,(anonymous_1)
FNDA:0,(anonymous_2)
FNDA:0,(anonymous_3)
FNDA:0,(anonymous_4)
FNDA:0,(anonymous_5)
FNDA:0,(anonymous_6)
FNDA:0,(anonymous_7)
FNDA:0,(anonymous_8)
FNDA:0,(anonymous_9)
FNDA:0,(anonymous_10)
FNDA:0,(anonymous_11)
FNDA:0,(anonymous_12)
FNDA:0,(anonymous_13)
FNDA:0,(anonymous_14)
FNDA:0,(anonymous_15)
FNDA:0,(anonymous_16)
FNDA:0,(anonymous_17)
FNDA:0,(anonymous_18)
FNDA:0,(anonymous_19)
DA:1,0
DA:2,0
DA:3,0
DA:4,0
DA:6,0
DA:9,0
DA:10,0
DA:13,0
DA:14,0
DA:17,0
DA:18,0
DA:19,0
DA:20,0
DA:21,0
DA:22,0
DA:23,0
DA:25,0
DA:29,0
DA:30,0
DA:32,0
DA:42,0
DA:46,0
DA:48,0
DA:49,0
DA:54,0
DA:55,0
DA:56,0
DA:63,0
DA:72,0
DA:74,0
DA:75,0
DA:80,0
DA:81,0
DA:82,0
DA:83,0
DA:84,0
DA:85,0
DA:86,0
DA:88,0
DA:89,0
DA:94,0
DA:95,0
DA:96,0
DA:97,0
DA:98,0
DA:99,0
DA:100,0
DA:102,0
DA:103,0
DA:108,0
DA:109,0
DA:110,0
DA:111,0
DA:112,0
DA:113,0
DA:114,0
DA:116,0
DA:117,0
DA:122,0
DA:123,0
DA:124,0
DA:130,0
DA:138,0
DA:140,0
DA:141,0
DA:146,0
DA:147,0
DA:148,0
DA:149,0
DA:150,0
DA:151,0
DA:152,0
DA:154,0
DA:155,0
DA:160,0
DA:161,0
DA:162,0
DA:163,0
DA:164,0
DA:165,0
DA:166,0
DA:168,0
DA:169,0
DA:174,0
DA:175,0
DA:176,0
DA:177,0
DA:185,0
DA:186,0
DA:189,0
DA:191,0
DA:193,0
DA:195,0
DA:196,0
DA:201,0
DA:202,0
DA:204,0
DA:213,0
DA:222,0
DA:231,0
DA:239,0
DA:246,0
DA:247,0
DA:252,0
DA:253,0
DA:255,0
DA:273,0
DA:275,0
DA:276,0
DA:281,0
DA:282,0
DA:283,0
DA:289,0
DA:291,0
DA:292,0
DA:297,0
DA:298,0
DA:299,0
DA:300,0
DA:302,0
DA:303,0
DA:308,0
DA:309,0
DA:310,0
DA:311,0
DA:315,0
DA:316,0
DA:318,0
DA:319,0
DA:324,0
DA:325,0
DA:326,0
DA:327,0
DA:328,0
DA:330,0
DA:331,0
DA:335,0
DA:336,0
DA:337,0
DA:340,0
LF:140
LH:0
BRDA:9,0,0,0
BRDA:9,0,1,0
BRDA:19,1,0,0
BRDA:19,1,1,0
BRDA:19,2,0,0
BRDA:19,2,1,0
BRDA:185,3,0,0
BRDA:185,3,1,0
BRDA:193,4,0,0
BRDA:193,4,1,0
BRDA:300,5,0,0
BRDA:300,5,1,0
BRF:12
BRH:0
end_of_record
TN:
SF:routes\authRoutes.js
FN:11,(anonymous_0)
FN:15,(anonymous_1)
FN:19,(anonymous_2)
FN:23,(anonymous_3)
FN:30,(anonymous_4)
FN:47,(anonymous_5)
FN:62,(anonymous_6)
FN:88,(anonymous_7)
FN:94,(anonymous_8)
FNF:9
FNH:0
FNDA:0,(anonymous_0)
FNDA:0,(anonymous_1)
FNDA:0,(anonymous_2)
FNDA:0,(anonymous_3)
FNDA:0,(anonymous_4)
FNDA:0,(anonymous_5)
FNDA:0,(anonymous_6)
FNDA:0,(anonymous_7)
FNDA:0,(anonymous_8)
DA:1,0
DA:2,0
DA:3,0
DA:4,0
DA:5,0
DA:6,0
DA:7,0
DA:9,0
DA:11,0
DA:12,0
DA:15,0
DA:16,0
DA:19,0
DA:20,0
DA:23,0
DA:24,0
DA:27,0
DA:31,0
DA:32,0
DA:33,0
DA:34,0
DA:35,0
DA:36,0
DA:37,0
DA:38,0
DA:39,0
DA:40,0
DA:44,0
DA:48,0
DA:49,0
DA:50,0
DA:51,0
DA:52,0
DA:53,0
DA:54,0
DA:56,0
DA:57,0
DA:58,0
DA:62,0
DA:63,0
DA:64,0
DA:65,0
DA:66,0
DA:67,0
DA:68,0
DA:69,0
DA:70,0
DA:71,0
DA:72,0
DA:74,0
DA:75,0
DA:76,0
DA:77,0
DA:78,0
DA:79,0
DA:80,0
DA:81,0
DA:82,0
DA:83,0
DA:85,0
DA:88,0
DA:89,0
DA:90,0
DA:91,0
DA:92,0
DA:94,0
DA:95,0
DA:99,0
LF:68
LH:0
BRDA:32,0,0,0
BRDA:32,0,1,0
BRDA:35,1,0,0
BRDA:35,1,1,0
BRDA:49,2,0,0
BRDA:49,2,1,0
BRDA:52,3,0,0
BRDA:52,3,1,0
BRDA:64,4,0,0
BRDA:64,4,1,0
BRDA:66,5,0,0
BRDA:66,5,1,0
BRDA:68,6,0,0
BRDA:68,6,1,0
BRDA:74,7,0,0
BRDA:74,7,1,0
BRDA:76,8,0,0
BRDA:76,8,1,0
BRDA:78,9,0,0
BRDA:78,9,1,0
BRDA:79,10,0,0
BRDA:79,10,1,0
BRDA:91,11,0,0
BRDA:91,11,1,0
BRDA:91,12,0,0
BRDA:91,12,1,0
BRF:26
BRH:0
end_of_record
TN:
SF:routes\doctorRoutes.js
FN:11,ensureDoctor
FN:16,(anonymous_1)
FN:21,(anonymous_2)
FN:28,(anonymous_3)
FN:52,(anonymous_4)
FN:62,(anonymous_5)
FN:70,(anonymous_6)
FN:79,(anonymous_7)
FNF:8
FNH:0
FNDA:0,ensureDoctor
FNDA:0,(anonymous_1)
FNDA:0,(anonymous_2)
FNDA:0,(anonymous_3)
FNDA:0,(anonymous_4)
FNDA:0,(anonymous_5)
FNDA:0,(anonymous_6)
FNDA:0,(anonymous_7)
DA:1,0
DA:2,0
DA:3,0
DA:4,0
DA:5,0
DA:6,0
DA:7,0
DA:9,0
DA:12,0
DA:13,0
DA:16,0
DA:17,0
DA:18,0
DA:21,0
DA:22,0
DA:23,0
DA:24,0
DA:25,0
DA:28,0
DA:29,0
DA:30,0
DA:31,0
DA:32,0
DA:34,0
DA:41,0
DA:44,0
DA:46,0
DA:53,0
DA:54,0
DA:55,0
DA:56,0
DA:57,0
DA:58,0
DA:62,0
DA:63,0
DA:64,0
DA:65,0
DA:66,0
DA:67,0
DA:70,0
DA:71,0
DA:72,0
DA:73,0
DA:74,0
DA:75,0
DA:76,0
DA:77,0
DA:78,0
DA:79,0
DA:80,0
DA:81,0
DA:82,0
DA:84,0
DA:87,0
LF:54
LH:0
BRDA:12,0,0,0
BRDA:12,0,1,0
BRDA:23,1,0,0
BRDA:23,1,1,0
BRDA:54,2,0,0
BRDA:54,2,1,0
BRDA:81,3,0,0
BRDA:81,3,1,0
BRF:8
BRH:0
end_of_record
TN:
SF:routes\healthIntelligenceRoutes.js
FN:6,ensurePatient
FN:17,(anonymous_1)
FN:30,(anonymous_2)
FN:43,(anonymous_3)
FN:56,(anonymous_4)
FN:69,(anonymous_5)
FNF:6
FNH:6
FNDA:11,ensurePatient
FNDA:3,(anonymous_1)
FNDA:2,(anonymous_2)
FNDA:1,(anonymous_3)
FNDA:2,(anonymous_4)
FNDA:3,(anonymous_5)
DA:1,1
DA:2,1
DA:4,1
DA:7,11
DA:8,11
DA:17,1
DA:18,3
DA:19,3
DA:20,2
DA:22,1
DA:23,1
DA:30,1
DA:31,2
DA:32,2
DA:33,2
DA:35,0
DA:36,0
DA:43,1
DA:44,1
DA:45,1
DA:46,1
DA:48,0
DA:49,0
DA:56,1
DA:57,2
DA:58,2
DA:59,2
DA:61,0
DA:62,0
DA:69,1
DA:70,3
DA:71,3
DA:72,2
DA:74,1
DA:75,1
DA:79,1
LF:36
LH:30
BRDA:7,0,0,0
BRDA:7,0,1,11
BRF:2
BRH:1
end_of_record
TN:
SF:routes\patientRoutes.js
FN:13,ensurePatient
FN:18,(anonymous_1)
FN:25,(anonymous_2)
FN:36,(anonymous_3)
FN:69,(anonymous_4)
FN:74,(anonymous_5)
FN:79,(anonymous_6)
FN:91,(anonymous_7)
FNF:8
FNH:0
FNDA:0,ensurePatient
FNDA:0,(anonymous_1)
FNDA:0,(anonymous_2)
FNDA:0,(anonymous_3)
FNDA:0,(anonymous_4)
FNDA:0,(anonymous_5)
FNDA:0,(anonymous_6)
FNDA:0,(anonymous_7)
DA:1,0
DA:2,0
DA:3,0
DA:4,0
DA:5,0
DA:6,0
DA:7,0
DA:8,0
DA:9,0
DA:11,0
DA:14,0
DA:15,0
DA:18,0
DA:19,0
DA:20,0
DA:21,0
DA:22,0
DA:25,0
DA:26,0
DA:27,0
DA:30,0
DA:37,0
DA:38,0
DA:40,0
DA:41,0
DA:42,0
DA:43,0
DA:44,0
DA:46,0
DA:47,0
DA:50,0
DA:56,0
DA:58,0
DA:65,0
DA:69,0
DA:70,0
DA:71,0
DA:74,0
DA:75,0
DA:76,0
DA:79,0
DA:80,0
DA:88,0
DA:91,0
DA:92,0
DA:95,0
DA:104,0
DA:105,0
DA:108,0
DA:109,0
DA:110,0
DA:111,0
DA:112,0
DA:115,0
DA:116,0
DA:117,0
DA:118,0
DA:119,0
DA:122,0
DA:123,0
DA:124,0
DA:125,0
DA:126,0
DA:127,0
DA:130,0
DA:131,0
DA:132,0
DA:133,0
DA:134,0
DA:135,0
DA:136,0
DA:138,0
DA:141,0
DA:142,0
DA:143,0
DA:145,0
DA:148,0
LF:77
LH:0
BRDA:14,0,0,0
BRDA:14,0,1,0
BRDA:38,1,0,0
BRDA:38,1,1,0
BRDA:43,2,0,0
BRDA:43,2,1,0
BRDA:43,3,0,0
BRDA:43,3,1,0
BRDA:43,3,2,0
BRDA:46,4,0,0
BRDA:46,4,1,0
BRDA:56,5,0,0
BRDA:56,5,1,0
BRDA:104,6,0,0
BRDA:104,6,1,0
BRDA:104,7,0,0
BRDA:104,7,1,0
BRDA:135,8,0,0
BRDA:135,8,1,0
BRF:19
BRH:0
end_of_record
TN:
SF:routes\predictionRoutes.js
FN:6,ensureAuth
FN:11,(anonymous_1)
FNF:2
FNH:0
FNDA:0,ensureAuth
FNDA:0,(anonymous_1)
DA:1,0
DA:2,0
DA:4,0
DA:7,0
DA:8,0
DA:11,0
DA:12,0
DA:13,0
DA:22,0
DA:25,0
LF:10
LH:0
BRDA:7,0,0,0
BRDA:7,0,1,0
BRF:2
BRH:0
end_of_record
TN:
SF:utils\auditLog.js
FN:11,logAction
FNF:1
FNH:1
FNDA:6,logAction
DA:1,1
DA:12,6
DA:13,6
DA:19,1
DA:23,1
LF:5
LH:5
BRDA:11,0,0,0
BRF:1
BRH:0
end_of_record
